0001_0047_0050_0029_0029.jpg 1 47 50 29 29
0002_0007_0017_0037_0037.jpg 1 7 17 37 37
0003_0022_0049_0027_0027.jpg 1 22 49 27 27
0004_0014_0024_0069_0069.jpg 1 14 24 69 69
0005_0008_0027_0055_0055.jpg 1 8 27 55 55
0006_0032_0015_0046_0046.jpg 1 32 15 46 46
0007_0057_0018_0034_0034.jpg 1 57 18 34 34
0008_0017_0014_0056_0056.jpg 1 17 14 56 56
0009_0033_0038_0040_0040.jpg 1 33 38 40 40
0010_0005_0019_0062_0062.jpg 1 5 19 62 62
0011_0037_0047_0033_0033.jpg 1 37 47 33 33
0012_0021_0005_0061_0061.jpg 1 21 5 61 61
0013_0039_0065_0025_0025.jpg 1 39 65 25 25
0014_0005_0009_0068_0068.jpg 1 5 9 68 68
0015_0036_0011_0055_0055.jpg 1 36 11 55 55
0016_0019_0030_0038_0038.jpg 1 19 30 38 38
0017_0004_0016_0059_0059.jpg 1 4 16 59 59
0018_0008_0028_0039_0039.jpg 1 8 28 39 39
0019_0049_0060_0028_0028.jpg 1 49 60 28 28
0020_0027_0010_0030_0030.jpg 1 27 10 30 30
0021_0012_0017_0059_0059.jpg 1 12 17 59 59
0022_0027_0038_0049_0049.jpg 1 27 38 49 49
0023_0018_0036_0049_0049.jpg 1 18 36 49 49
0024_0049_0019_0036_0036.jpg 1 49 19 36 36
0025_0057_0018_0026_0026.jpg 1 57 18 26 26
0026_0025_0037_0041_0041.jpg 1 25 37 41 41
0027_0036_0019_0049_0049.jpg 1 36 19 49 49
0028_0015_0039_0044_0044.jpg 1 15 39 44 44
0029_0006_0019_0055_0055.jpg 1 6 19 55 55
0030_0028_0006_0046_0046.jpg 1 28 6 46 46
0031_0040_0050_0033_0033.jpg 1 40 50 33 33
0032_0052_0039_0028_0028.jpg 1 52 39 28 28
0033_0024_0047_0031_0031.jpg 1 24 47 31 31
0034_0034_0033_0048_0048.jpg 1 34 33 48 48
0035_0023_0014_0059_0059.jpg 1 23 14 59 59
0036_0038_0034_0030_0030.jpg 1 38 34 30 30
0037_0020_0019_0065_0065.jpg 1 20 19 65 65
0038_0060_0062_0027_0027.jpg 1 60 62 27 27
0039_0055_0040_0033_0033.jpg 1 55 40 33 33
0040_0026_0014_0060_0060.jpg 1 26 14 60 60
0041_0009_0007_0039_0039.jpg 1 9 7 39 39
0042_0019_0060_0030_0030.jpg 1 19 60 30 30
0043_0013_0029_0058_0058.jpg 1 13 29 58 58
0044_0031_0010_0034_0034.jpg 1 31 10 34 34
0045_0007_0025_0064_0064.jpg 1 7 25 64 64
0046_0040_0017_0024_0024.jpg 1 40 17 24 24
0047_0052_0012_0025_0025.jpg 1 52 12 25 25
0048_0017_0026_0058_0058.jpg 1 17 26 58 58
0049_0043_0018_0051_0051.jpg 1 43 18 51 51
0050_0014_0022_0067_0067.jpg 1 14 22 67 67
0051_0026_0013_0026_0026.jpg 1 26 13 26 26
0052_0036_0031_0056_0056.jpg 1 36 31 56 56
0053_0024_0049_0027_0027.jpg 1 24 49 27 27
0054_0036_0018_0054_0054.jpg 1 36 18 54 54
0055_0016_0025_0035_0035.jpg 1 16 25 35 35
0056_0027_0013_0062_0062.jpg 1 27 13 62 62
0057_0007_0003_0068_0068.jpg 1 7 3 68 68
0058_0037_0037_0051_0051.jpg 1 37 37 51 51
0059_0015_0035_0054_0054.jpg 1 15 35 54 54
0060_0007_0022_0064_0064.jpg 1 7 22 64 64
0061_0011_0031_0054_0054.jpg 1 11 31 54 54
0062_0008_0013_0061_0061.jpg 1 8 13 61 61
0063_0015_0014_0035_0035.jpg 1 15 14 35 35
0064_0026_0020_0024_0024.jpg 1 26 20 24 24
0065_0030_0044_0046_0046.jpg 1 30 44 46 46
0066_0006_0007_0051_0051.jpg 1 6 7 51 51
0067_0008_0011_0052_0052.jpg 1 8 11 52 52
0068_0039_0032_0048_0048.jpg 1 39 32 48 48
0069_0029_0008_0067_0067.jpg 1 29 8 67 67
0070_0040_0028_0039_0039.jpg 1 40 28 39 39
0071_0029_0056_0024_0024.jpg 1 29 56 24 24
0072_0036_0057_0032_0032.jpg 1 36 57 32 32
0073_0036_0048_0037_0037.jpg 1 36 48 37 37
0074_0006_0010_0061_0061.jpg 1 6 10 61 61
0075_0028_0012_0034_0034.jpg 1 28 12 34 34
0076_0015_0012_0068_0068.jpg 1 15 12 68 68
0077_0018_0033_0048_0048.jpg 1 18 33 48 48
0078_0037_0017_0027_0027.jpg 1 37 17 27 27
0079_0016_0030_0063_0063.jpg 1 16 30 63 63
0080_0013_0023_0062_0062.jpg 1 13 23 62 62
0081_0033_0011_0045_0045.jpg 1 33 11 45 45
0082_0008_0026_0041_0041.jpg 1 8 26 41 41
0083_0054_0044_0038_0038.jpg 1 54 44 38 38
0084_0031_0023_0037_0037.jpg 1 31 23 37 37
0085_0014_0021_0057_0057.jpg 1 14 21 57 57
0086_0056_0016_0036_0036.jpg 1 56 16 36 36
0087_0021_0006_0061_0061.jpg 1 21 6 61 61
0088_0029_0011_0055_0055.jpg 1 29 11 55 55
0089_0027_0027_0068_0068.jpg 1 27 27 68 68
0090_0014_0012_0038_0038.jpg 1 14 12 38 38
0091_0047_0017_0044_0044.jpg 1 47 17 44 44
0092_0017_0016_0062_0062.jpg 1 17 16 62 62
0093_0063_0032_0029_0029.jpg 1 63 32 29 29
0094_0005_0013_0053_0053.jpg 1 5 13 53 53
0095_0034_0029_0056_0056.jpg 1 34 29 56 56
0096_0055_0048_0034_0034.jpg 1 55 48 34 34
0097_0021_0022_0025_0025.jpg 1 21 22 25 25
0098_0021_0028_0064_0064.jpg 1 21 28 64 64
0099_0034_0050_0024_0024.jpg 1 34 50 24 24
0100_0038_0028_0049_0049.jpg 1 38 28 49 49
0101_0029_0021_0043_0043.jpg 1 29 21 43 43
0102_0033_0054_0033_0033.jpg 1 33 54 33 33
0103_0041_0016_0043_0043.jpg 1 41 16 43 43
0104_0028_0003_0068_0068.jpg 1 28 3 68 68
0105_0024_0004_0056_0056.jpg 1 24 4 56 56
0106_0030_0010_0041_0041.jpg 1 30 10 41 41
0107_0031_0026_0056_0056.jpg 1 31 26 56 56
0108_0013_0016_0051_0051.jpg 1 13 16 51 51
0109_0034_0005_0061_0061.jpg 1 34 5 61 61
0110_0011_0023_0055_0055.jpg 1 11 23 55 55
0111_0020_0028_0057_0057.jpg 1 20 28 57 57
0112_0031_0030_0032_0032.jpg 1 31 30 32 32
0113_0025_0016_0064_0064.jpg 1 25 16 64 64
0114_0020_0027_0069_0069.jpg 1 20 27 69 69
0115_0008_0016_0053_0053.jpg 1 8 16 53 53
0116_0028_0019_0056_0056.jpg 1 28 19 56 56
0117_0047_0042_0033_0033.jpg 1 47 42 33 33
0118_0055_0013_0031_0031.jpg 1 55 13 31 31
0119_0037_0042_0051_0051.jpg 1 37 42 51 51
0120_0030_0049_0025_0025.jpg 1 30 49 25 25
0121_0044_0038_0047_0047.jpg 1 44 38 47 47
0122_0009_0029_0055_0055.jpg 1 9 29 55 55
0123_0047_0034_0025_0025.jpg 1 47 34 25 25
0124_0055_0048_0038_0038.jpg 1 55 48 38 38
0125_0019_0015_0066_0066.jpg 1 19 15 66 66
0126_0038_0010_0051_0051.jpg 1 38 10 51 51
0127_0018_0047_0042_0042.jpg 1 18 47 42 42
0128_0015_0013_0067_0067.jpg 1 15 13 67 67
0129_0034_0063_0029_0029.jpg 1 34 63 29 29
0130_0018_0003_0065_0065.jpg 1 18 3 65 65
0131_0030_0014_0066_0066.jpg 1 30 14 66 66
0132_0042_0051_0028_0028.jpg 1 42 51 28 28
0133_0017_0015_0065_0065.jpg 1 17 15 65 65
0134_0027_0035_0052_0052.jpg 1 27 35 52 52
0135_0024_0012_0060_0060.jpg 1 24 12 60 60
0136_0020_0021_0055_0055.jpg 1 20 21 55 55
0137_0010_0020_0057_0057.jpg 1 10 20 57 57
0138_0042_0022_0047_0047.jpg 1 42 22 47 47
0139_0040_0016_0038_0038.jpg 1 40 16 38 38
0140_0020_0024_0063_0063.jpg 1 20 24 63 63
0141_0054_0039_0031_0031.jpg 1 54 39 31 31
0142_0015_0033_0027_0027.jpg 1 15 33 27 27
0143_0052_0050_0038_0038.jpg 1 52 50 38 38
0144_0023_0026_0066_0066.jpg 1 23 26 66 66
0145_0064_0064_0024_0024.jpg 1 64 64 24 24
0146_0031_0015_0039_0039.jpg 1 31 15 39 39
0147_0026_0021_0054_0054.jpg 1 26 21 54 54
0148_0018_0050_0024_0024.jpg 1 18 50 24 24
0149_0028_0029_0054_0054.jpg 1 28 29 54 54
0150_0041_0044_0025_0025.jpg 1 41 44 25 25
0151_0038_0017_0056_0056.jpg 1 38 17 56 56
0152_0021_0031_0064_0064.jpg 1 21 31 64 64
0153_0014_0042_0046_0046.jpg 1 14 42 46 46
0154_0026_0015_0038_0038.jpg 1 26 15 38 38
0155_0039_0035_0039_0039.jpg 1 39 35 39 39
0156_0039_0010_0050_0050.jpg 1 39 10 50 50
0157_0005_0017_0066_0066.jpg 1 5 17 66 66
0158_0036_0005_0057_0057.jpg 1 36 5 57 57
0159_0032_0012_0036_0036.jpg 1 32 12 36 36
0160_0042_0019_0038_0038.jpg 1 42 19 38 38
0161_0014_0026_0057_0057.jpg 1 14 26 57 57
0162_0008_0030_0059_0059.jpg 1 8 30 59 59
0163_0004_0018_0065_0065.jpg 1 4 18 65 65
0164_0008_0018_0052_0052.jpg 1 8 18 52 52
0165_0017_0053_0032_0032.jpg 1 17 53 32 32
0166_0033_0009_0042_0042.jpg 1 33 9 42 42
0167_0042_0036_0027_0027.jpg 1 42 36 27 27
0168_0007_0020_0056_0056.jpg 1 7 20 56 56
0169_0026_0023_0047_0047.jpg 1 26 23 47 47
0170_0008_0017_0056_0056.jpg 1 8 17 56 56
0171_0016_0013_0068_0068.jpg 1 16 13 68 68
0172_0022_0009_0047_0047.jpg 1 22 9 47 47
0173_0057_0017_0031_0031.jpg 1 57 17 31 31
0174_0015_0019_0026_0026.jpg 1 15 19 26 26
0175_0028_0027_0063_0063.jpg 1 28 27 63 63
0176_0006_0020_0060_0060.jpg 1 6 20 60 60
0177_0040_0018_0029_0029.jpg 1 40 18 29 29
0178_0034_0009_0029_0029.jpg 1 34 9 29 29
0179_0065_0058_0024_0024.jpg 1 65 58 24 24
0180_0037_0011_0032_0032.jpg 1 37 11 32 32
0181_0028_0029_0032_0032.jpg 1 28 29 32 32
0182_0005_0015_0059_0059.jpg 1 5 15 59 59
0183_0013_0012_0030_0030.jpg 1 13 12 30 30
0184_0012_0027_0024_0024.jpg 1 12 27 24 24
0185_0026_0024_0056_0056.jpg 1 26 24 56 56
0186_0024_0060_0031_0031.jpg 1 24 60 31 31
0187_0030_0009_0049_0049.jpg 1 30 9 49 49
0188_0018_0024_0058_0058.jpg 1 18 24 58 58
0189_0033_0028_0048_0048.jpg 1 33 28 48 48
0190_0027_0032_0051_0051.jpg 1 27 32 51 51
0191_0050_0055_0034_0034.jpg 1 50 55 34 34
0192_0055_0016_0032_0032.jpg 1 55 16 32 32
0193_0050_0038_0032_0032.jpg 1 50 38 32 32
0194_0017_0010_0065_0065.jpg 1 17 10 65 65
0195_0008_0004_0066_0066.jpg 1 8 4 66 66
0196_0033_0009_0058_0058.jpg 1 33 9 58 58
0197_0030_0019_0032_0032.jpg 1 30 19 32 32
0198_0024_0010_0037_0037.jpg 1 24 10 37 37
0199_0028_0006_0052_0052.jpg 1 28 6 52 52
0200_0045_0013_0046_0046.jpg 1 45 13 46 46
0201_0013_0012_0044_0044.jpg 1 13 12 44 44
0202_0040_0024_0049_0049.jpg 1 40 24 49 49
0203_0019_0013_0068_0068.jpg 1 19 13 68 68
0204_0005_0018_0066_0066.jpg 1 5 18 66 66
0205_0006_0019_0042_0042.jpg 1 6 19 42 42
0206_0023_0026_0050_0050.jpg 1 23 26 50 50
0207_0015_0034_0045_0045.jpg 1 15 34 45 45
0208_0015_0025_0067_0067.jpg 1 15 25 67 67
0209_0012_0009_0049_0049.jpg 1 12 9 49 49
0210_0022_0045_0037_0037.jpg 1 22 45 37 37
0211_0034_0018_0024_0024.jpg 1 34 18 24 24
0212_0062_0022_0027_0027.jpg 1 62 22 27 27
0213_0043_0047_0044_0044.jpg 1 43 47 44 44
0214_0022_0053_0039_0039.jpg 1 22 53 39 39
0215_0027_0015_0036_0036.jpg 1 27 15 36 36
0216_0041_0018_0048_0048.jpg 1 41 18 48 48
0217_0015_0005_0054_0054.jpg 1 15 5 54 54
0218_0015_0014_0045_0045.jpg 1 15 14 45 45
0219_0026_0030_0065_0065.jpg 1 26 30 65 65
0220_0008_0017_0036_0036.jpg 1 8 17 36 36
0221_0016_0028_0032_0032.jpg 1 16 28 32 32
0222_0033_0044_0043_0043.jpg 1 33 44 43 43
0223_0018_0007_0054_0054.jpg 1 18 7 54 54
0224_0018_0017_0043_0043.jpg 1 18 17 43 43
0225_0042_0029_0034_0034.jpg 1 42 29 34 34
0226_0015_0007_0045_0045.jpg 1 15 7 45 45
0227_0008_0038_0055_0055.jpg 1 8 38 55 55
0228_0039_0027_0052_0052.jpg 1 39 27 52 52
0229_0014_0007_0063_0063.jpg 1 14 7 63 63
0230_0043_0016_0049_0049.jpg 1 43 16 49 49
0231_0012_0030_0040_0040.jpg 1 12 30 40 40
0232_0043_0011_0041_0041.jpg 1 43 11 41 41
0233_0019_0014_0056_0056.jpg 1 19 14 56 56
0234_0032_0047_0034_0034.jpg 1 32 47 34 34
0235_0005_0012_0056_0056.jpg 1 5 12 56 56
0236_0026_0026_0065_0065.jpg 1 26 26 65 65
0237_0014_0009_0061_0061.jpg 1 14 9 61 61
0238_0040_0059_0028_0028.jpg 1 40 59 28 28
0239_0036_0013_0042_0042.jpg 1 36 13 42 42
0240_0012_0025_0069_0069.jpg 1 12 25 69 69
0241_0014_0044_0044_0044.jpg 1 14 44 44 44
0242_0047_0013_0036_0036.jpg 1 47 13 36 36
0243_0026_0044_0031_0031.jpg 1 26 44 31 31
0244_0038_0040_0030_0030.jpg 1 38 40 30 30
0245_0021_0003_0065_0065.jpg 1 21 3 65 65
0246_0040_0021_0036_0036.jpg 1 40 21 36 36
0247_0027_0015_0046_0046.jpg 1 27 15 46 46
0248_0016_0025_0060_0060.jpg 1 16 25 60 60
0249_0053_0019_0026_0026.jpg 1 53 19 26 26
0250_0005_0009_0059_0059.jpg 1 5 9 59 59
0251_0038_0011_0044_0044.jpg 1 38 11 44 44
0252_0008_0025_0032_0032.jpg 1 8 25 32 32
0253_0024_0019_0043_0043.jpg 1 24 19 43 43
0254_0027_0047_0036_0036.jpg 1 27 47 36 36
0255_0050_0040_0044_0044.jpg 1 50 40 44 44
0256_0014_0025_0056_0056.jpg 1 14 25 56 56
0257_0037_0049_0038_0038.jpg 1 37 49 38 38
0258_0024_0012_0037_0037.jpg 1 24 12 37 37
0259_0020_0017_0059_0059.jpg 1 20 17 59 59
0260_0015_0037_0045_0045.jpg 1 15 37 45 45
0261_0027_0030_0059_0059.jpg 1 27 30 59 59
0262_0026_0035_0058_0058.jpg 1 26 35 58 58
0263_0034_0019_0059_0059.jpg 1 34 19 59 59
0264_0022_0019_0057_0057.jpg 1 22 19 57 57
0265_0032_0028_0052_0052.jpg 1 32 28 52 52
0266_0025_0016_0031_0031.jpg 1 25 16 31 31
0267_0018_0042_0045_0045.jpg 1 18 42 45 45
0268_0006_0016_0054_0054.jpg 1 6 16 54 54
0269_0018_0036_0056_0056.jpg 1 18 36 56 56
0270_0050_0051_0032_0032.jpg 1 50 51 32 32
0271_0017_0024_0067_0067.jpg 1 17 24 67 67
0272_0011_0026_0067_0067.jpg 1 11 26 67 67
0273_0018_0014_0063_0063.jpg 1 18 14 63 63
0274_0042_0025_0042_0042.jpg 1 42 25 42 42
0275_0037_0030_0047_0047.jpg 1 37 30 47 47
0276_0025_0003_0069_0069.jpg 1 25 3 69 69
0277_0030_0004_0061_0061.jpg 1 30 4 61 61
0278_0034_0020_0052_0052.jpg 1 34 20 52 52
0279_0009_0033_0038_0038.jpg 1 9 33 38 38
0280_0020_0018_0068_0068.jpg 1 20 18 68 68
0281_0020_0025_0068_0068.jpg 1 20 25 68 68
0282_0027_0036_0034_0034.jpg 1 27 36 34 34
0283_0039_0039_0050_0050.jpg 1 39 39 50 50
0284_0017_0027_0043_0043.jpg 1 17 27 43 43
0285_0064_0013_0025_0025.jpg 1 64 13 25 25
0286_0026_0005_0066_0066.jpg 1 26 5 66 66
0287_0015_0005_0054_0054.jpg 1 15 5 54 54
0288_0010_0024_0065_0065.jpg 1 10 24 65 65
0289_0004_0026_0062_0062.jpg 1 4 26 62 62
0290_0011_0016_0028_0028.jpg 1 11 16 28 28
0291_0039_0056_0037_0037.jpg 1 39 56 37 37
0292_0043_0007_0036_0036.jpg 1 43 7 36 36
0293_0026_0011_0024_0024.jpg 1 26 11 24 24
0294_0019_0021_0066_0066.jpg 1 19 21 66 66
0295_0017_0005_0053_0053.jpg 1 17 5 53 53
0296_0049_0024_0037_0037.jpg 1 49 24 37 37
0297_0037_0007_0050_0050.jpg 1 37 7 50 50
0298_0020_0023_0040_0040.jpg 1 20 23 40 40
0299_0040_0059_0029_0029.jpg 1 40 59 29 29
0300_0017_0005_0058_0058.jpg 1 17 5 58 58
0301_0014_0014_0041_0041.jpg 1 14 14 41 41
0302_0009_0014_0054_0054.jpg 1 9 14 54 54
0303_0042_0035_0039_0039.jpg 1 42 35 39 39
0304_0038_0023_0055_0055.jpg 1 38 23 55 55
0305_0012_0043_0046_0046.jpg 1 12 43 46 46
0306_0004_0005_0055_0055.jpg 1 4 5 55 55
0307_0018_0016_0066_0066.jpg 1 18 16 66 66
0308_0015_0008_0030_0030.jpg 1 15 8 30 30
0309_0007_0022_0060_0060.jpg 1 7 22 60 60
0310_0046_0054_0024_0024.jpg 1 46 54 24 24
0311_0023_0026_0069_0069.jpg 1 23 26 69 69
0312_0024_0007_0048_0048.jpg 1 24 7 48 48
0313_0007_0007_0064_0064.jpg 1 7 7 64 64
0314_0048_0018_0035_0035.jpg 1 48 18 35 35
0315_0041_0020_0049_0049.jpg 1 41 20 49 49
0316_0045_0033_0031_0031.jpg 1 45 33 31 31
0317_0009_0014_0032_0032.jpg 1 9 14 32 32
0318_0022_0006_0049_0049.jpg 1 22 6 49 49
0319_0015_0039_0055_0055.jpg 1 15 39 55 55
0320_0016_0014_0062_0062.jpg 1 16 14 62 62
0321_0053_0039_0032_0032.jpg 1 53 39 32 32
0322_0023_0059_0033_0033.jpg 1 23 59 33 33
0323_0019_0012_0028_0028.jpg 1 19 12 28 28
0324_0006_0022_0069_0069.jpg 1 6 22 69 69
0325_0038_0033_0053_0053.jpg 1 38 33 53 53
0326_0037_0020_0040_0040.jpg 1 37 20 40 40
0327_0023_0048_0024_0024.jpg 1 23 48 24 24
0328_0015_0004_0069_0069.jpg 1 15 4 69 69
0329_0013_0054_0032_0032.jpg 1 13 54 32 32
0330_0008_0027_0067_0067.jpg 1 8 27 67 67
0331_0019_0018_0059_0059.jpg 1 19 18 59 59
0332_0049_0015_0041_0041.jpg 1 49 15 41 41
0333_0034_0013_0044_0044.jpg 1 34 13 44 44
0334_0022_0054_0037_0037.jpg 1 22 54 37 37
0335_0032_0027_0057_0057.jpg 1 32 27 57 57
0336_0024_0008_0062_0062.jpg 1 24 8 62 62
0337_0021_0013_0059_0059.jpg 1 21 13 59 59
0338_0007_0055_0030_0030.jpg 1 7 55 30 30
0339_0031_0035_0051_0051.jpg 1 31 35 51 51
0340_0006_0026_0067_0067.jpg 1 6 26 67 67
0341_0032_0010_0061_0061.jpg 1 32 10 61 61
0342_0029_0019_0053_0053.jpg 1 29 19 53 53
0343_0026_0021_0060_0060.jpg 1 26 21 60 60
0344_0021_0054_0026_0026.jpg 1 21 54 26 26
0345_0026_0018_0065_0065.jpg 1 26 18 65 65
0346_0056_0020_0028_0028.jpg 1 56 20 28 28
0347_0031_0027_0060_0060.jpg 1 31 27 60 60
0348_0022_0027_0056_0056.jpg 1 22 27 56 56
0349_0025_0009_0068_0068.jpg 1 25 9 68 68
0350_0018_0040_0026_0026.jpg 1 18 40 26 26
0351_0024_0020_0063_0063.jpg 1 24 20 63 63
0352_0047_0038_0032_0032.jpg 1 47 38 32 32
0353_0011_0034_0027_0027.jpg 1 11 34 27 27
0354_0030_0025_0038_0038.jpg 1 30 25 38 38
0355_0014_0042_0045_0045.jpg 1 14 42 45 45
0356_0015_0024_0058_0058.jpg 1 15 24 58 58
0357_0035_0019_0037_0037.jpg 1 35 19 37 37
0358_0064_0037_0025_0025.jpg 1 64 37 25 25
0359_0042_0054_0026_0026.jpg 1 42 54 26 26
0360_0042_0011_0043_0043.jpg 1 42 11 43 43
0361_0026_0032_0030_0030.jpg 1 26 32 30 30
0362_0037_0025_0057_0057.jpg 1 37 25 57 57
0363_0026_0009_0057_0057.jpg 1 26 9 57 57
0364_0028_0014_0034_0034.jpg 1 28 14 34 34
0365_0034_0051_0034_0034.jpg 1 34 51 34 34
0366_0005_0024_0069_0069.jpg 1 5 24 69 69
0367_0011_0040_0048_0048.jpg 1 11 40 48 48
0368_0028_0025_0025_0025.jpg 1 28 25 25 25
0369_0045_0012_0042_0042.jpg 1 45 12 42 42
0370_0012_0032_0063_0063.jpg 1 12 32 63 63
0371_0021_0025_0035_0035.jpg 1 21 25 35 35
0372_0029_0027_0064_0064.jpg 1 29 27 64 64
0373_0007_0040_0033_0033.jpg 1 7 40 33 33
0374_0009_0011_0054_0054.jpg 1 9 11 54 54
0375_0026_0017_0052_0052.jpg 1 26 17 52 52
0376_0026_0009_0067_0067.jpg 1 26 9 67 67
0377_0017_0011_0049_0049.jpg 1 17 11 49 49
0378_0006_0008_0069_0069.jpg 1 6 8 69 69
0379_0031_0023_0040_0040.jpg 1 31 23 40 40
0380_0019_0023_0050_0050.jpg 1 19 23 50 50
0381_0013_0024_0068_0068.jpg 1 13 24 68 68
0382_0058_0013_0034_0034.jpg 1 58 13 34 34
0383_0021_0038_0031_0031.jpg 1 21 38 31 31
0384_0034_0009_0052_0052.jpg 1 34 9 52 52
0385_0035_0023_0032_0032.jpg 1 35 23 32 32
0386_0028_0025_0063_0063.jpg 1 28 25 63 63
0387_0010_0036_0032_0032.jpg 1 10 36 32 32
0388_0026_0037_0026_0026.jpg 1 26 37 26 26
0389_0025_0031_0058_0058.jpg 1 25 31 58 58
0390_0018_0021_0048_0048.jpg 1 18 21 48 48
0391_0064_0008_0028_0028.jpg 1 64 8 28 28
0392_0042_0017_0038_0038.jpg 1 42 17 38 38
0393_0045_0023_0038_0038.jpg 1 45 23 38 38
0394_0024_0045_0039_0039.jpg 1 24 45 39 39
0395_0027_0004_0068_0068.jpg 1 27 4 68 68
0396_0010_0015_0052_0052.jpg 1 10 15 52 52
0397_0011_0012_0043_0043.jpg 1 11 12 43 43
0398_0026_0029_0045_0045.jpg 1 26 29 45 45
0399_0008_0023_0052_0052.jpg 1 8 23 52 52
0400_0044_0053_0026_0026.jpg 1 44 53 26 26
0401_0007_0015_0031_0031.jpg 1 7 15 31 31
0402_0021_0016_0063_0063.jpg 1 21 16 63 63
0403_0033_0056_0036_0036.jpg 1 33 56 36 36
0404_0024_0025_0025_0025.jpg 1 24 25 25 25
0405_0015_0015_0062_0062.jpg 1 15 15 62 62
0406_0011_0040_0030_0030.jpg 1 11 40 30 30
0407_0016_0047_0025_0025.jpg 1 16 47 25 25
0408_0023_0016_0059_0059.jpg 1 23 16 59 59
0409_0017_0031_0034_0034.jpg 1 17 31 34 34
0410_0013_0031_0048_0048.jpg 1 13 31 48 48
0411_0042_0020_0050_0050.jpg 1 42 20 50 50
0412_0008_0005_0057_0057.jpg 1 8 5 57 57
0413_0015_0037_0046_0046.jpg 1 15 37 46 46
0414_0039_0054_0027_0027.jpg 1 39 54 27 27
0415_0028_0012_0065_0065.jpg 1 28 12 65 65
0416_0016_0035_0052_0052.jpg 1 16 35 52 52
0417_0049_0019_0025_0025.jpg 1 49 19 25 25
0418_0035_0025_0045_0045.jpg 1 35 25 45 45
0419_0057_0049_0034_0034.jpg 1 57 49 34 34
0420_0028_0019_0064_0064.jpg 1 28 19 64 64
0421_0010_0030_0033_0033.jpg 1 10 30 33 33
0422_0062_0032_0026_0026.jpg 1 62 32 26 26
0423_0023_0023_0067_0067.jpg 1 23 23 67 67
0424_0021_0026_0046_0046.jpg 1 21 26 46 46
0425_0025_0009_0046_0046.jpg 1 25 9 46 46
0426_0013_0037_0043_0043.jpg 1 13 37 43 43
0427_0005_0019_0065_0065.jpg 1 5 19 65 65
0428_0028_0027_0061_0061.jpg 1 28 27 61 61
0429_0045_0056_0033_0033.jpg 1 45 56 33 33
0430_0038_0009_0024_0024.jpg 1 38 9 24 24
0431_0048_0033_0038_0038.jpg 1 48 33 38 38
0432_0029_0048_0041_0041.jpg 1 29 48 41 41
0433_0053_0015_0026_0026.jpg 1 53 15 26 26
0434_0033_0012_0057_0057.jpg 1 33 12 57 57
0435_0031_0007_0048_0048.jpg 1 31 7 48 48
0436_0006_0026_0063_0063.jpg 1 6 26 63 63
0437_0024_0023_0040_0040.jpg 1 24 23 40 40
0438_0020_0034_0040_0040.jpg 1 20 34 40 40
0439_0028_0012_0059_0059.jpg 1 28 12 59 59
0440_0032_0025_0043_0043.jpg 1 32 25 43 43
0441_0035_0027_0051_0051.jpg 1 35 27 51 51
0442_0024_0017_0056_0056.jpg 1 24 17 56 56
0443_0010_0015_0068_0068.jpg 1 10 15 68 68
0444_0020_0016_0046_0046.jpg 1 20 16 46 46
0445_0023_0016_0052_0052.jpg 1 23 16 52 52
0446_0017_0008_0049_0049.jpg 1 17 8 49 49
0447_0007_0048_0042_0042.jpg 1 7 48 42 42
0448_0026_0017_0052_0052.jpg 1 26 17 52 52
0449_0032_0029_0060_0060.jpg 1 32 29 60 60
0450_0014_0040_0047_0047.jpg 1 14 40 47 47
0451_0025_0022_0067_0067.jpg 1 25 22 67 67
0452_0029_0011_0030_0030.jpg 1 29 11 30 30
0453_0033_0024_0063_0063.jpg 1 33 24 63 63
0454_0018_0036_0034_0034.jpg 1 18 36 34 34
0455_0025_0024_0036_0036.jpg 1 25 24 36 36
0456_0026_0039_0025_0025.jpg 1 26 39 25 25
0457_0025_0018_0028_0028.jpg 1 25 18 28 28
0458_0029_0047_0046_0046.jpg 1 29 47 46 46
0459_0056_0045_0029_0029.jpg 1 56 45 29 29
0460_0064_0054_0026_0026.jpg 1 64 54 26 26
0461_0012_0021_0067_0067.jpg 1 12 21 67 67
0462_0039_0031_0053_0053.jpg 1 39 31 53 53
0463_0060_0015_0027_0027.jpg 1 60 15 27 27
0464_0020_0024_0060_0060.jpg 1 20 24 60 60
0465_0038_0031_0056_0056.jpg 1 38 31 56 56
0466_0030_0036_0051_0051.jpg 1 30 36 51 51
0467_0032_0020_0043_0043.jpg 1 32 20 43 43
0468_0028_0007_0048_0048.jpg 1 28 7 48 48
0469_0030_0023_0065_0065.jpg 1 30 23 65 65
0470_0024_0032_0061_0061.jpg 1 24 32 61 61
0471_0014_0032_0062_0062.jpg 1 14 32 62 62
0472_0052_0040_0038_0038.jpg 1 52 40 38 38
0473_0025_0062_0029_0029.jpg 1 25 62 29 29
0474_0022_0007_0053_0053.jpg 1 22 7 53 53
0475_0038_0041_0037_0037.jpg 1 38 41 37 37
0476_0034_0044_0043_0043.jpg 1 34 44 43 43
0477_0017_0027_0045_0045.jpg 1 17 27 45 45
0478_0012_0047_0025_0025.jpg 1 12 47 25 25
0479_0028_0042_0038_0038.jpg 1 28 42 38 38
0480_0011_0018_0029_0029.jpg 1 11 18 29 29
0481_0031_0013_0048_0048.jpg 1 31 13 48 48
0482_0008_0015_0063_0063.jpg 1 8 15 63 63
0483_0028_0017_0060_0060.jpg 1 28 17 60 60
0484_0046_0012_0042_0042.jpg 1 46 12 42 42
0485_0011_0004_0069_0069.jpg 1 11 4 69 69
0486_0004_0017_0068_0068.jpg 1 4 17 68 68
0487_0013_0021_0027_0027.jpg 1 13 21 27 27
0488_0025_0012_0065_0065.jpg 1 25 12 65 65
0489_0029_0021_0067_0067.jpg 1 29 21 67 67
0490_0050_0017_0043_0043.jpg 1 50 17 43 43
0491_0016_0034_0051_0051.jpg 1 16 34 51 51
0492_0012_0039_0048_0048.jpg 1 12 39 48 48
0493_0061_0030_0028_0028.jpg 1 61 30 28 28
0494_0022_0034_0027_0027.jpg 1 22 34 27 27
0495_0033_0024_0024_0024.jpg 1 33 24 24 24
0496_0047_0030_0036_0036.jpg 1 47 30 36 36
0497_0061_0057_0030_0030.jpg 1 61 57 30 30
0498_0008_0039_0037_0037.jpg 1 8 39 37 37
0499_0021_0035_0046_0046.jpg 1 21 35 46 46
0500_0034_0012_0059_0059.jpg 1 34 12 59 59
0501_0029_0032_0040_0040.jpg 1 29 32 40 40
0502_0012_0018_0049_0049.jpg 1 12 18 49 49
0503_0028_0050_0034_0034.jpg 1 28 50 34 34
0504_0022_0042_0050_0050.jpg 1 22 42 50 50
0505_0040_0013_0043_0043.jpg 1 40 13 43 43
0506_0042_0007_0041_0041.jpg 1 42 7 41 41
0507_0041_0048_0038_0038.jpg 1 41 48 38 38
0508_0053_0023_0035_0035.jpg 1 53 23 35 35
0509_0049_0029_0030_0030.jpg 1 49 29 30 30
0510_0037_0011_0054_0054.jpg 1 37 11 54 54
0511_0031_0029_0060_0060.jpg 1 31 29 60 60
0512_0041_0020_0032_0032.jpg 1 41 20 32 32
0513_0011_0025_0040_0040.jpg 1 11 25 40 40
0514_0049_0052_0031_0031.jpg 1 49 52 31 31
0515_0010_0029_0053_0053.jpg 1 10 29 53 53
0516_0010_0014_0053_0053.jpg 1 10 14 53 53
0517_0038_0048_0038_0038.jpg 1 38 48 38 38
0518_0011_0011_0062_0062.jpg 1 11 11 62 62
0519_0061_0043_0028_0028.jpg 1 61 43 28 28
0520_0042_0042_0031_0031.jpg 1 42 42 31 31
0521_0037_0048_0038_0038.jpg 1 37 48 38 38
0522_0006_0018_0066_0066.jpg 1 6 18 66 66
0523_0033_0028_0031_0031.jpg 1 33 28 31 31
0524_0057_0058_0024_0024.jpg 1 57 58 24 24
0525_0019_0016_0068_0068.jpg 1 19 16 68 68
0526_0023_0031_0064_0064.jpg 1 23 31 64 64
0527_0010_0047_0028_0028.jpg 1 10 47 28 28
0528_0021_0009_0051_0051.jpg 1 21 9 51 51
0529_0032_0063_0025_0025.jpg 1 32 63 25 25
0530_0044_0038_0027_0027.jpg 1 44 38 27 27
0531_0024_0036_0045_0045.jpg 1 24 36 45 45
0532_0049_0049_0036_0036.jpg 1 49 49 36 36
0533_0033_0047_0036_0036.jpg 1 33 47 36 36
0534_0025_0011_0028_0028.jpg 1 25 11 28 28
0535_0049_0024_0033_0033.jpg 1 49 24 33 33
0536_0008_0006_0036_0036.jpg 1 8 6 36 36
0537_0013_0006_0069_0069.jpg 1 13 6 69 69
0538_0015_0010_0066_0066.jpg 1 15 10 66 66
0539_0013_0056_0030_0030.jpg 1 13 56 30 30
0540_0027_0012_0047_0047.jpg 1 27 12 47 47
0541_0025_0036_0035_0035.jpg 1 25 36 35 35
0542_0013_0043_0031_0031.jpg 1 13 43 31 31
0543_0013_0055_0035_0035.jpg 1 13 55 35 35
0544_0025_0008_0053_0053.jpg 1 25 8 53 53
0545_0042_0027_0036_0036.jpg 1 42 27 36 36
0546_0031_0019_0055_0055.jpg 1 31 19 55 55
0547_0048_0017_0035_0035.jpg 1 48 17 35 35
0548_0009_0043_0046_0046.jpg 1 9 43 46 46
0549_0027_0030_0038_0038.jpg 1 27 30 38 38
0550_0040_0025_0028_0028.jpg 1 40 25 28 28
0551_0030_0011_0052_0052.jpg 1 30 11 52 52
0552_0018_0016_0052_0052.jpg 1 18 16 52 52
0553_0025_0016_0027_0027.jpg 1 25 16 27 27
0554_0052_0037_0024_0024.jpg 1 52 37 24 24
0555_0030_0027_0056_0056.jpg 1 30 27 56 56
0556_0010_0009_0061_0061.jpg 1 10 9 61 61
0557_0024_0032_0045_0045.jpg 1 24 32 45 45
0558_0017_0020_0066_0066.jpg 1 17 20 66 66
0559_0027_0027_0069_0069.jpg 1 27 27 69 69
0560_0006_0043_0042_0042.jpg 1 6 43 42 42
0561_0034_0017_0055_0055.jpg 1 34 17 55 55
0562_0014_0010_0053_0053.jpg 1 14 10 53 53
0563_0039_0049_0028_0028.jpg 1 39 49 28 28
0564_0044_0011_0043_0043.jpg 1 44 11 43 43
0565_0032_0030_0038_0038.jpg 1 32 30 38 38
0566_0018_0004_0057_0057.jpg 1 18 4 57 57
0567_0040_0041_0052_0052.jpg 1 40 41 52 52
0568_0061_0014_0031_0031.jpg 1 61 14 31 31
0569_0058_0007_0024_0024.jpg 1 58 7 24 24
0570_0053_0032_0038_0038.jpg 1 53 32 38 38
0571_0006_0024_0068_0068.jpg 1 6 24 68 68
0572_0016_0053_0037_0037.jpg 1 16 53 37 37
0573_0005_0034_0057_0057.jpg 1 5 34 57 57
0574_0064_0046_0027_0027.jpg 1 64 46 27 27
0575_0042_0061_0028_0028.jpg 1 42 61 28 28
0576_0007_0020_0067_0067.jpg 1 7 20 67 67
0577_0024_0022_0054_0054.jpg 1 24 22 54 54
0578_0051_0031_0040_0040.jpg 1 51 31 40 40
0579_0011_0013_0061_0061.jpg 1 11 13 61 61
0580_0020_0045_0032_0032.jpg 1 20 45 32 32
0581_0019_0015_0061_0061.jpg 1 19 15 61 61
0582_0025_0049_0025_0025.jpg 1 25 49 25 25
0583_0031_0048_0032_0032.jpg 1 31 48 32 32
0584_0012_0005_0054_0054.jpg 1 12 5 54 54
0585_0028_0026_0064_0064.jpg 1 28 26 64 64
0586_0018_0022_0050_0050.jpg 1 18 22 50 50
0587_0044_0013_0028_0028.jpg 1 44 13 28 28
0588_0011_0011_0060_0060.jpg 1 11 11 60 60
0589_0041_0007_0027_0027.jpg 1 41 7 27 27
0590_0054_0053_0034_0034.jpg 1 54 53 34 34
0591_0048_0039_0039_0039.jpg 1 48 39 39 39
0592_0025_0019_0047_0047.jpg 1 25 19 47 47
0593_0023_0005_0057_0057.jpg 1 23 5 57 57
0594_0034_0028_0053_0053.jpg 1 34 28 53 53
0595_0018_0008_0055_0055.jpg 1 18 8 55 55
0596_0027_0029_0055_0055.jpg 1 27 29 55 55
0597_0009_0025_0024_0024.jpg 1 9 25 24 24
0598_0030_0025_0064_0064.jpg 1 30 25 64 64
0599_0010_0007_0068_0068.jpg 1 10 7 68 68
0600_0033_0037_0025_0025.jpg 1 33 37 25 25
0601_0021_0048_0041_0041.jpg 1 21 48 41 41
0602_0026_0042_0044_0044.jpg 1 26 42 44 44
0603_0051_0018_0042_0042.jpg 1 51 18 42 42
0604_0025_0021_0063_0063.jpg 1 25 21 63 63
0605_0018_0020_0063_0063.jpg 1 18 20 63 63
0606_0044_0024_0040_0040.jpg 1 44 24 40 40
0607_0006_0006_0058_0058.jpg 1 6 6 58 58
0608_0017_0051_0034_0034.jpg 1 17 51 34 34
0609_0012_0044_0046_0046.jpg 1 12 44 46 46
0610_0008_0009_0042_0042.jpg 1 8 9 42 42
0611_0033_0047_0047_0047.jpg 1 33 47 47 47
0612_0006_0012_0045_0045.jpg 1 6 12 45 45
0613_0051_0051_0038_0038.jpg 1 51 51 38 38
0614_0015_0048_0035_0035.jpg 1 15 48 35 35
0615_0041_0033_0039_0039.jpg 1 41 33 39 39
0616_0018_0019_0065_0065.jpg 1 18 19 65 65
0617_0018_0017_0067_0067.jpg 1 18 17 67 67
0618_0008_0048_0045_0045.jpg 1 8 48 45 45
0619_0053_0009_0032_0032.jpg 1 53 9 32 32
0620_0012_0009_0063_0063.jpg 1 12 9 63 63
0621_0026_0031_0038_0038.jpg 1 26 31 38 38
0622_0012_0029_0065_0065.jpg 1 12 29 65 65
0623_0012_0027_0026_0026.jpg 1 12 27 26 26
0624_0039_0010_0053_0053.jpg 1 39 10 53 53
0625_0011_0016_0064_0064.jpg 1 11 16 64 64
0626_0034_0029_0048_0048.jpg 1 34 29 48 48
0627_0041_0032_0046_0046.jpg 1 41 32 46 46
0628_0008_0012_0032_0032.jpg 1 8 12 32 32
0629_0006_0030_0060_0060.jpg 1 6 30 60 60
0630_0020_0010_0060_0060.jpg 1 20 10 60 60
0631_0015_0049_0033_0033.jpg 1 15 49 33 33
0632_0041_0050_0042_0042.jpg 1 41 50 42 42
0633_0063_0054_0025_0025.jpg 1 63 54 25 25
0634_0029_0024_0040_0040.jpg 1 29 24 40 40
0635_0025_0046_0036_0036.jpg 1 25 46 36 36
0636_0017_0028_0035_0035.jpg 1 17 28 35 35
0637_0048_0039_0040_0040.jpg 1 48 39 40 40
0638_0048_0030_0033_0033.jpg 1 48 30 33 33
0639_0055_0007_0027_0027.jpg 1 55 7 27 27
0640_0027_0009_0066_0066.jpg 1 27 9 66 66
0641_0013_0021_0068_0068.jpg 1 13 21 68 68
0642_0009_0018_0044_0044.jpg 1 9 18 44 44
0643_0056_0057_0026_0026.jpg 1 56 57 26 26
0644_0035_0014_0060_0060.jpg 1 35 14 60 60
0645_0019_0004_0062_0062.jpg 1 19 4 62 62
0646_0009_0039_0047_0047.jpg 1 9 39 47 47
0647_0047_0013_0044_0044.jpg 1 47 13 44 44
0648_0032_0009_0052_0052.jpg 1 32 9 52 52
0649_0022_0029_0036_0036.jpg 1 22 29 36 36
0650_0007_0015_0034_0034.jpg 1 7 15 34 34
0651_0018_0024_0058_0058.jpg 1 18 24 58 58
0652_0033_0023_0060_0060.jpg 1 33 23 60 60
0653_0010_0028_0052_0052.jpg 1 10 28 52 52
0654_0006_0030_0062_0062.jpg 1 6 30 62 62
0655_0026_0054_0032_0032.jpg 1 26 54 32 32
0656_0059_0037_0028_0028.jpg 1 59 37 28 28
0657_0006_0013_0044_0044.jpg 1 6 13 44 44
0658_0049_0038_0031_0031.jpg 1 49 38 31 31
0659_0052_0018_0038_0038.jpg 1 52 18 38 38
0660_0028_0007_0045_0045.jpg 1 28 7 45 45
0661_0028_0019_0066_0066.jpg 1 28 19 66 66
0662_0031_0005_0048_0048.jpg 1 31 5 48 48
0663_0018_0024_0032_0032.jpg 1 18 24 32 32
0664_0015_0012_0031_0031.jpg 1 15 12 31 31
0665_0015_0011_0052_0052.jpg 1 15 11 52 52
0666_0008_0041_0052_0052.jpg 1 8 41 52 52
0667_0033_0032_0058_0058.jpg 1 33 32 58 58
0668_0009_0037_0041_0041.jpg 1 9 37 41 41
0669_0027_0049_0039_0039.jpg 1 27 49 39 39
0670_0005_0027_0042_0042.jpg 1 5 27 42 42
0671_0029_0027_0064_0064.jpg 1 29 27 64 64
0672_0008_0015_0025_0025.jpg 1 8 15 25 25
0673_0033_0039_0026_0026.jpg 1 33 39 26 26
0674_0050_0054_0037_0037.jpg 1 50 54 37 37
0675_0044_0010_0035_0035.jpg 1 44 10 35 35
0676_0039_0006_0046_0046.jpg 1 39 6 46 46
0677_0038_0011_0045_0045.jpg 1 38 11 45 45
0678_0017_0026_0068_0068.jpg 1 17 26 68 68
0679_0030_0051_0034_0034.jpg 1 30 51 34 34
0680_0007_0026_0069_0069.jpg 1 7 26 69 69
0681_0035_0044_0036_0036.jpg 1 35 44 36 36
0682_0004_0016_0061_0061.jpg 1 4 16 61 61
0683_0022_0036_0029_0029.jpg 1 22 36 29 29
0684_0038_0010_0050_0050.jpg 1 38 10 50 50
0685_0045_0024_0039_0039.jpg 1 45 24 39 39
0686_0050_0008_0037_0037.jpg 1 50 8 37 37
0687_0034_0042_0051_0051.jpg 1 34 42 51 51
0688_0026_0034_0061_0061.jpg 1 26 34 61 61
0689_0024_0039_0037_0037.jpg 1 24 39 37 37
0690_0027_0029_0045_0045.jpg 1 27 29 45 45
0691_0036_0031_0035_0035.jpg 1 36 31 35 35
0692_0040_0047_0045_0045.jpg 1 40 47 45 45
0693_0035_0049_0039_0039.jpg 1 35 49 39 39
0694_0013_0028_0066_0066.jpg 1 13 28 66 66
0695_0030_0035_0058_0058.jpg 1 30 35 58 58
0696_0020_0016_0038_0038.jpg 1 20 16 38 38
0697_0005_0021_0060_0060.jpg 1 5 21 60 60
0698_0006_0014_0065_0065.jpg 1 6 14 65 65
0699_0011_0009_0063_0063.jpg 1 11 9 63 63
0700_0031_0040_0036_0036.jpg 1 31 40 36 36
0701_0003_0017_0066_0066.jpg 1 3 17 66 66
0702_0025_0038_0054_0054.jpg 1 25 38 54 54
0703_0028_0027_0059_0059.jpg 1 28 27 59 59
0704_0021_0008_0065_0065.jpg 1 21 8 65 65
0705_0012_0016_0062_0062.jpg 1 12 16 62 62
0706_0055_0044_0037_0037.jpg 1 55 44 37 37
0707_0037_0021_0027_0027.jpg 1 37 21 27 27
0708_0036_0014_0032_0032.jpg 1 36 14 32 32
0709_0010_0011_0064_0064.jpg 1 10 11 64 64
0710_0018_0040_0029_0029.jpg 1 18 40 29 29
0711_0011_0038_0030_0030.jpg 1 11 38 30 30
0712_0024_0048_0028_0028.jpg 1 24 48 28 28
0713_0009_0042_0040_0040.jpg 1 9 42 40 40
0714_0006_0008_0048_0048.jpg 1 6 8 48 48
0715_0023_0033_0055_0055.jpg 1 23 33 55 55
0716_0011_0034_0044_0044.jpg 1 11 34 44 44
0717_0016_0010_0027_0027.jpg 1 16 10 27 27
0718_0036_0019_0052_0052.jpg 1 36 19 52 52
0719_0044_0034_0038_0038.jpg 1 44 34 38 38
0720_0022_0027_0046_0046.jpg 1 22 27 46 46
0721_0054_0015_0032_0032.jpg 1 54 15 32 32
0722_0022_0007_0040_0040.jpg 1 22 7 40 40
0723_0038_0053_0035_0035.jpg 1 38 53 35 35
0724_0033_0035_0035_0035.jpg 1 33 35 35 35
0725_0035_0009_0038_0038.jpg 1 35 9 38 38
0726_0054_0046_0031_0031.jpg 1 54 46 31 31
0727_0018_0032_0041_0041.jpg 1 18 32 41 41
0728_0039_0009_0038_0038.jpg 1 39 9 38 38
0729_0026_0040_0043_0043.jpg 1 26 40 43 43
0730_0028_0009_0057_0057.jpg 1 28 9 57 57
0731_0034_0032_0060_0060.jpg 1 34 32 60 60
0732_0027_0028_0049_0049.jpg 1 27 28 49 49
0733_0041_0035_0045_0045.jpg 1 41 35 45 45
0734_0028_0005_0059_0059.jpg 1 28 5 59 59
0735_0008_0027_0068_0068.jpg 1 8 27 68 68
0736_0015_0030_0049_0049.jpg 1 15 30 49 49
0737_0044_0021_0048_0048.jpg 1 44 21 48 48
0738_0029_0036_0038_0038.jpg 1 29 36 38 38
0739_0053_0014_0032_0032.jpg 1 53 14 32 32
0740_0008_0035_0058_0058.jpg 1 8 35 58 58
0741_0028_0025_0060_0060.jpg 1 28 25 60 60
0742_0019_0023_0046_0046.jpg 1 19 23 46 46
0743_0009_0018_0048_0048.jpg 1 9 18 48 48
0744_0027_0021_0068_0068.jpg 1 27 21 68 68
0745_0020_0033_0058_0058.jpg 1 20 33 58 58
0746_0005_0024_0056_0056.jpg 1 5 24 56 56
0747_0037_0018_0044_0044.jpg 1 37 18 44 44
0748_0021_0048_0031_0031.jpg 1 21 48 31 31
0749_0011_0035_0050_0050.jpg 1 11 35 50 50
0750_0029_0013_0037_0037.jpg 1 29 13 37 37
0751_0049_0045_0032_0032.jpg 1 49 45 32 32
0752_0041_0013_0044_0044.jpg 1 41 13 44 44
0753_0016_0026_0049_0049.jpg 1 16 26 49 49
0754_0026_0005_0069_0069.jpg 1 26 5 69 69
0755_0015_0034_0027_0027.jpg 1 15 34 27 27
0756_0034_0029_0027_0027.jpg 1 34 29 27 27
0757_0025_0015_0048_0048.jpg 1 25 15 48 48
0758_0009_0032_0055_0055.jpg 1 9 32 55 55
0759_0011_0031_0034_0034.jpg 1 11 31 34 34
0760_0005_0023_0067_0067.jpg 1 5 23 67 67
0761_0034_0018_0061_0061.jpg 1 34 18 61 61
0762_0007_0022_0049_0049.jpg 1 7 22 49 49
0763_0009_0028_0067_0067.jpg 1 9 28 67 67
0764_0009_0018_0065_0065.jpg 1 9 18 65 65
0765_0024_0025_0060_0060.jpg 1 24 25 60 60
0766_0027_0019_0034_0034.jpg 1 27 19 34 34
0767_0031_0031_0051_0051.jpg 1 31 31 51 51
0768_0011_0055_0032_0032.jpg 1 11 55 32 32
0769_0049_0015_0024_0024.jpg 1 49 15 24 24
0770_0013_0033_0061_0061.jpg 1 13 33 61 61
0771_0027_0025_0037_0037.jpg 1 27 25 37 37
0772_0045_0041_0034_0034.jpg 1 45 41 34 34
0773_0024_0009_0063_0063.jpg 1 24 9 63 63
0774_0028_0027_0060_0060.jpg 1 28 27 60 60
0775_0046_0046_0044_0044.jpg 1 46 46 44 44
0776_0035_0030_0054_0054.jpg 1 35 30 54 54
0777_0034_0007_0035_0035.jpg 1 34 7 35 35
0778_0019_0014_0053_0053.jpg 1 19 14 53 53
0779_0048_0026_0041_0041.jpg 1 48 26 41 41
0780_0028_0062_0029_0029.jpg 1 28 62 29 29
0781_0007_0051_0026_0026.jpg 1 7 51 26 26
0782_0034_0008_0058_0058.jpg 1 34 8 58 58
0783_0010_0009_0047_0047.jpg 1 10 9 47 47
0784_0008_0037_0054_0054.jpg 1 8 37 54 54
0785_0011_0021_0065_0065.jpg 1 11 21 65 65
0786_0040_0042_0031_0031.jpg 1 40 42 31 31
0787_0028_0026_0060_0060.jpg 1 28 26 60 60
0788_0035_0033_0051_0051.jpg 1 35 33 51 51
0789_0024_0039_0038_0038.jpg 1 24 39 38 38
0790_0053_0015_0025_0025.jpg 1 53 15 25 25
0791_0034_0037_0035_0035.jpg 1 34 37 35 35
0792_0010_0023_0066_0066.jpg 1 10 23 66 66
0793_0020_0057_0025_0025.jpg 1 20 57 25 25
0794_0022_0017_0063_0063.jpg 1 22 17 63 63
0795_0006_0020_0063_0063.jpg 1 6 20 63 63
0796_0026_0049_0028_0028.jpg 1 26 49 28 28
0797_0036_0025_0059_0059.jpg 1 36 25 59 59
0798_0007_0014_0058_0058.jpg 1 7 14 58 58
0799_0020_0011_0032_0032.jpg 1 20 11 32 32
0800_0024_0006_0066_0066.jpg 1 24 6 66 66
0801_0022_0006_0048_0048.jpg 1 22 6 48 48
0802_0008_0005_0049_0049.jpg 1 8 5 49 49
0803_0051_0007_0036_0036.jpg 1 51 7 36 36
0804_0062_0037_0029_0029.jpg 1 62 37 29 29
0805_0018_0029_0045_0045.jpg 1 18 29 45 45
0806_0021_0016_0039_0039.jpg 1 21 16 39 39
0807_0022_0034_0059_0059.jpg 1 22 34 59 59
0808_0039_0018_0047_0047.jpg 1 39 18 47 47
0809_0015_0037_0054_0054.jpg 1 15 37 54 54
0810_0015_0017_0041_0041.jpg 1 15 17 41 41
0811_0066_0058_0025_0025.jpg 1 66 58 25 25
0812_0025_0029_0066_0066.jpg 1 25 29 66 66
0813_0030_0050_0032_0032.jpg 1 30 50 32 32
0814_0006_0012_0050_0050.jpg 1 6 12 50 50
0815_0013_0022_0063_0063.jpg 1 13 22 63 63
0816_0028_0019_0025_0025.jpg 1 28 19 25 25
0817_0025_0015_0055_0055.jpg 1 25 15 55 55
0818_0010_0012_0057_0057.jpg 1 10 12 57 57
0819_0031_0026_0048_0048.jpg 1 31 26 48 48
0820_0024_0029_0063_0063.jpg 1 24 29 63 63
0821_0027_0006_0050_0050.jpg 1 27 6 50 50
0822_0009_0051_0040_0040.jpg 1 9 51 40 40
0823_0029_0055_0033_0033.jpg 1 29 55 33 33
0824_0030_0028_0031_0031.jpg 1 30 28 31 31
0825_0011_0005_0049_0049.jpg 1 11 5 49 49
0826_0039_0013_0044_0044.jpg 1 39 13 44 44
0827_0003_0007_0069_0069.jpg 1 3 7 69 69
0828_0032_0037_0051_0051.jpg 1 32 37 51 51
0829_0034_0049_0042_0042.jpg 1 34 49 42 42
0830_0010_0022_0064_0064.jpg 1 10 22 64 64
0831_0008_0010_0040_0040.jpg 1 8 10 40 40
0832_0007_0016_0060_0060.jpg 1 7 16 60 60
0833_0036_0034_0039_0039.jpg 1 36 34 39 39
0834_0023_0008_0051_0051.jpg 1 23 8 51 51
0835_0021_0011_0058_0058.jpg 1 21 11 58 58
0836_0003_0018_0064_0064.jpg 1 3 18 64 64
0837_0027_0009_0058_0058.jpg 1 27 9 58 58
0838_0021_0027_0049_0049.jpg 1 21 27 49 49
0839_0039_0009_0055_0055.jpg 1 39 9 55 55
0840_0038_0044_0036_0036.jpg 1 38 44 36 36
0841_0011_0031_0049_0049.jpg 1 11 31 49 49
0842_0030_0019_0054_0054.jpg 1 30 19 54 54
0843_0021_0015_0033_0033.jpg 1 21 15 33 33
0844_0046_0038_0045_0045.jpg 1 46 38 45 45
0845_0017_0018_0026_0026.jpg 1 17 18 26 26
0846_0020_0016_0034_0034.jpg 1 20 16 34 34
0847_0019_0030_0062_0062.jpg 1 19 30 62 62
0848_0016_0041_0041_0041.jpg 1 16 41 41 41
0849_0028_0027_0058_0058.jpg 1 28 27 58 58
0850_0048_0030_0042_0042.jpg 1 48 30 42 42
0851_0025_0032_0063_0063.jpg 1 25 32 63 63
0852_0052_0045_0038_0038.jpg 1 52 45 38 38
0853_0032_0019_0036_0036.jpg 1 32 19 36 36
0854_0026_0029_0055_0055.jpg 1 26 29 55 55
0855_0035_0024_0060_0060.jpg 1 35 24 60 60
0856_0052_0019_0026_0026.jpg 1 52 19 26 26
0857_0048_0037_0037_0037.jpg 1 48 37 37 37
0858_0015_0031_0061_0061.jpg 1 15 31 61 61
0859_0009_0011_0066_0066.jpg 1 9 11 66 66
0860_0021_0021_0032_0032.jpg 1 21 21 32 32
0861_0015_0019_0062_0062.jpg 1 15 19 62 62
0862_0023_0004_0060_0060.jpg 1 23 4 60 60
0863_0012_0018_0058_0058.jpg 1 12 18 58 58
0864_0014_0027_0043_0043.jpg 1 14 27 43 43
0865_0028_0015_0035_0035.jpg 1 28 15 35 35
0866_0019_0052_0028_0028.jpg 1 19 52 28 28
0867_0037_0026_0053_0053.jpg 1 37 26 53 53
0868_0027_0020_0067_0067.jpg 1 27 20 67 67
0869_0030_0009_0042_0042.jpg 1 30 9 42 42
0870_0033_0007_0029_0029.jpg 1 33 7 29 29
0871_0023_0018_0068_0068.jpg 1 23 18 68 68
0872_0041_0017_0044_0044.jpg 1 41 17 44 44
0873_0011_0034_0054_0054.jpg 1 11 34 54 54
0874_0047_0018_0044_0044.jpg 1 47 18 44 44
0875_0046_0018_0045_0045.jpg 1 46 18 45 45
0876_0028_0057_0035_0035.jpg 1 28 57 35 35
0877_0016_0007_0031_0031.jpg 1 16 7 31 31
0878_0007_0007_0063_0063.jpg 1 7 7 63 63
0879_0004_0009_0056_0056.jpg 1 4 9 56 56
0880_0066_0049_0024_0024.jpg 1 66 49 24 24
0881_0017_0015_0024_0024.jpg 1 17 15 24 24
0882_0008_0023_0024_0024.jpg 1 8 23 24 24
0883_0026_0010_0067_0067.jpg 1 26 10 67 67
0884_0037_0006_0047_0047.jpg 1 37 6 47 47
0885_0025_0043_0048_0048.jpg 1 25 43 48 48
0886_0005_0025_0059_0059.jpg 1 5 25 59 59
0887_0010_0013_0066_0066.jpg 1 10 13 66 66
0888_0025_0016_0025_0025.jpg 1 25 16 25 25
0889_0032_0044_0031_0031.jpg 1 32 44 31 31
0890_0023_0024_0053_0053.jpg 1 23 24 53 53
0891_0040_0025_0054_0054.jpg 1 40 25 54 54
0892_0010_0007_0050_0050.jpg 1 10 7 50 50
0893_0021_0011_0055_0055.jpg 1 21 11 55 55
0894_0007_0005_0066_0066.jpg 1 7 5 66 66
0895_0060_0060_0029_0029.jpg 1 60 60 29 29
0896_0020_0039_0040_0040.jpg 1 20 39 40 40
0897_0020_0058_0028_0028.jpg 1 20 58 28 28
0898_0023_0011_0056_0056.jpg 1 23 11 56 56
0899_0030_0035_0024_0024.jpg 1 30 35 24 24
0900_0013_0026_0027_0027.jpg 1 13 26 27 27
0901_0024_0022_0068_0068.jpg 1 24 22 68 68
0902_0009_0011_0063_0063.jpg 1 9 11 63 63
0903_0044_0044_0024_0024.jpg 1 44 44 24 24
0904_0019_0034_0033_0033.jpg 1 19 34 33 33
0905_0025_0024_0031_0031.jpg 1 25 24 31 31
0906_0005_0018_0060_0060.jpg 1 5 18 60 60
0907_0030_0022_0061_0061.jpg 1 30 22 61 61
0908_0017_0040_0050_0050.jpg 1 17 40 50 50
0909_0011_0025_0067_0067.jpg 1 11 25 67 67
0910_0033_0046_0037_0037.jpg 1 33 46 37 37
0911_0006_0030_0064_0064.jpg 1 6 30 64 64
0912_0018_0046_0031_0031.jpg 1 18 46 31 31
0913_0028_0029_0052_0052.jpg 1 28 29 52 52
0914_0023_0006_0066_0066.jpg 1 23 6 66 66
0915_0037_0026_0042_0042.jpg 1 37 26 42 42
0916_0023_0040_0043_0043.jpg 1 23 40 43 43
0917_0019_0007_0058_0058.jpg 1 19 7 58 58
0918_0017_0023_0061_0061.jpg 1 17 23 61 61
0919_0015_0034_0037_0037.jpg 1 15 34 37 37
0920_0013_0013_0039_0039.jpg 1 13 13 39 39
0921_0039_0049_0038_0038.jpg 1 39 49 38 38
0922_0018_0047_0047_0047.jpg 1 18 47 47 47
0923_0018_0057_0025_0025.jpg 1 18 57 25 25
0924_0027_0042_0043_0043.jpg 1 27 42 43 43
0925_0007_0030_0044_0044.jpg 1 7 30 44 44
0926_0034_0011_0024_0024.jpg 1 34 11 24 24
0927_0045_0033_0034_0034.jpg 1 45 33 34 34
0928_0019_0028_0050_0050.jpg 1 19 28 50 50
0929_0017_0018_0055_0055.jpg 1 17 18 55 55
0930_0046_0034_0036_0036.jpg 1 46 34 36 36
0931_0026_0029_0062_0062.jpg 1 26 29 62 62
0932_0005_0014_0065_0065.jpg 1 5 14 65 65
0933_0004_0027_0060_0060.jpg 1 4 27 60 60
0934_0016_0040_0033_0033.jpg 1 16 40 33 33
0935_0009_0056_0034_0034.jpg 1 9 56 34 34
0936_0022_0011_0034_0034.jpg 1 22 11 34 34
0937_0029_0050_0026_0026.jpg 1 29 50 26 26
0938_0056_0022_0031_0031.jpg 1 56 22 31 31
0939_0032_0031_0058_0058.jpg 1 32 31 58 58
0940_0031_0036_0026_0026.jpg 1 31 36 26 26
0941_0030_0051_0035_0035.jpg 1 30 51 35 35
0942_0042_0007_0050_0050.jpg 1 42 7 50 50
0943_0007_0010_0033_0033.jpg 1 7 10 33 33
0944_0037_0026_0045_0045.jpg 1 37 26 45 45
0945_0011_0030_0058_0058.jpg 1 11 30 58 58
0946_0012_0026_0046_0046.jpg 1 12 26 46 46
0947_0006_0020_0039_0039.jpg 1 6 20 39 39
0948_0011_0037_0044_0044.jpg 1 11 37 44 44
0949_0026_0043_0049_0049.jpg 1 26 43 49 49
0950_0011_0018_0056_0056.jpg 1 11 18 56 56
0951_0008_0040_0054_0054.jpg 1 8 40 54 54
0952_0033_0035_0054_0054.jpg 1 33 35 54 54
0953_0029_0019_0048_0048.jpg 1 29 19 48 48
0954_0006_0038_0051_0051.jpg 1 6 38 51 51
0955_0010_0033_0038_0038.jpg 1 10 33 38 38
0956_0026_0027_0037_0037.jpg 1 26 27 37 37
0957_0033_0021_0055_0055.jpg 1 33 21 55 55
0958_0047_0014_0046_0046.jpg 1 47 14 46 46
0959_0030_0053_0036_0036.jpg 1 30 53 36 36
0960_0019_0011_0066_0066.jpg 1 19 11 66 66
0961_0014_0010_0064_0064.jpg 1 14 10 64 64
0962_0016_0007_0034_0034.jpg 1 16 7 34 34
0963_0036_0016_0042_0042.jpg 1 36 16 42 42
0964_0018_0025_0055_0055.jpg 1 18 25 55 55
0965_0042_0015_0035_0035.jpg 1 42 15 35 35
0966_0007_0035_0049_0049.jpg 1 7 35 49 49
0967_0017_0004_0068_0068.jpg 1 17 4 68 68
0968_0029_0049_0024_0024.jpg 1 29 49 24 24
0969_0049_0021_0044_0044.jpg 1 49 21 44 44
0970_0049_0054_0027_0027.jpg 1 49 54 27 27
0971_0035_0038_0042_0042.jpg 1 35 38 42 42
0972_0025_0020_0047_0047.jpg 1 25 20 47 47
0973_0027_0013_0051_0051.jpg 1 27 13 51 51
0974_0044_0005_0050_0050.jpg 1 44 5 50 50
0975_0010_0013_0058_0058.jpg 1 10 13 58 58
0976_0011_0026_0046_0046.jpg 1 11 26 46 46
0977_0052_0056_0029_0029.jpg 1 52 56 29 29
0978_0021_0043_0049_0049.jpg 1 21 43 49 49
0979_0016_0016_0038_0038.jpg 1 16 16 38 38
0980_0034_0045_0037_0037.jpg 1 34 45 37 37
0981_0011_0029_0065_0065.jpg 1 11 29 65 65
0982_0029_0025_0054_0054.jpg 1 29 25 54 54
0983_0017_0020_0060_0060.jpg 1 17 20 60 60
0984_0039_0026_0036_0036.jpg 1 39 26 36 36
0985_0038_0025_0053_0053.jpg 1 38 25 53 53
0986_0036_0048_0030_0030.jpg 1 36 48 30 30
0987_0007_0039_0045_0045.jpg 1 7 39 45 45
0988_0032_0007_0061_0061.jpg 1 32 7 61 61
0989_0012_0024_0027_0027.jpg 1 12 24 27 27
0990_0008_0035_0049_0049.jpg 1 8 35 49 49
0991_0014_0037_0055_0055.jpg 1 14 37 55 55
0992_0030_0035_0059_0059.jpg 1 30 35 59 59
0993_0011_0010_0055_0055.jpg 1 11 10 55 55
0994_0027_0016_0038_0038.jpg 1 27 16 38 38
0995_0024_0011_0048_0048.jpg 1 24 11 48 48
0996_0014_0025_0060_0060.jpg 1 14 25 60 60
0997_0039_0020_0051_0051.jpg 1 39 20 51 51
0998_0005_0006_0063_0063.jpg 1 5 6 63 63
0999_0034_0025_0050_0050.jpg 1 34 25 50 50
1000_0031_0052_0040_0040.jpg 1 31 52 40 40
1001_0046_0053_0034_0034.jpg 1 46 53 34 34
1002_0032_0041_0049_0049.jpg 1 32 41 49 49
1003_0024_0013_0066_0066.jpg 1 24 13 66 66
1004_0048_0038_0043_0043.jpg 1 48 38 43 43
1005_0051_0021_0035_0035.jpg 1 51 21 35 35
1006_0027_0017_0055_0055.jpg 1 27 17 55 55
1007_0028_0031_0060_0060.jpg 1 28 31 60 60
1008_0020_0018_0069_0069.jpg 1 20 18 69 69
1009_0045_0015_0046_0046.jpg 1 45 15 46 46
1010_0013_0026_0046_0046.jpg 1 13 26 46 46
1011_0059_0025_0028_0028.jpg 1 59 25 28 28
1012_0028_0031_0051_0051.jpg 1 28 31 51 51
1013_0005_0012_0058_0058.jpg 1 5 12 58 58
1014_0033_0010_0027_0027.jpg 1 33 10 27 27
1015_0021_0029_0067_0067.jpg 1 21 29 67 67
1016_0020_0024_0061_0061.jpg 1 20 24 61 61
1017_0015_0039_0056_0056.jpg 1 15 39 56 56
1018_0039_0014_0037_0037.jpg 1 39 14 37 37
1019_0021_0056_0037_0037.jpg 1 21 56 37 37
1020_0021_0009_0051_0051.jpg 1 21 9 51 51
1021_0016_0018_0060_0060.jpg 1 16 18 60 60
1022_0013_0024_0066_0066.jpg 1 13 24 66 66
1023_0048_0016_0026_0026.jpg 1 48 16 26 26
1024_0042_0019_0045_0045.jpg 1 42 19 45 45
1025_0025_0055_0035_0035.jpg 1 25 55 35 35
1026_0046_0044_0031_0031.jpg 1 46 44 31 31
1027_0011_0014_0040_0040.jpg 1 11 14 40 40
1028_0026_0015_0064_0064.jpg 1 26 15 64 64
1029_0033_0013_0048_0048.jpg 1 33 13 48 48
1030_0023_0015_0028_0028.jpg 1 23 15 28 28
1031_0008_0012_0065_0065.jpg 1 8 12 65 65
1032_0036_0010_0027_0027.jpg 1 36 10 27 27
1033_0007_0007_0059_0059.jpg 1 7 7 59 59
1034_0022_0011_0069_0069.jpg 1 22 11 69 69
1035_0017_0029_0052_0052.jpg 1 17 29 52 52
1036_0007_0026_0062_0062.jpg 1 7 26 62 62
1037_0012_0031_0041_0041.jpg 1 12 31 41 41
1038_0020_0011_0039_0039.jpg 1 20 11 39 39
1039_0006_0036_0056_0056.jpg 1 6 36 56 56
1040_0034_0035_0035_0035.jpg 1 34 35 35 35
1041_0019_0033_0051_0051.jpg 1 19 33 51 51
1042_0014_0007_0053_0053.jpg 1 14 7 53 53
