0001_0010_0006_0068_0068.jpg 1 10 6 68 68
0002_0059_0022_0031_0031.jpg 1 59 22 31 31
0003_0005_0005_0052_0052.jpg 1 5 5 52 52
0004_0019_0005_0053_0053.jpg 1 19 5 53 53
0005_0018_0005_0061_0061.jpg 1 18 5 61 61
0006_0022_0004_0067_0067.jpg 1 22 4 67 67
0007_0007_0037_0031_0031.jpg 1 7 37 31 31
0008_0037_0032_0027_0027.jpg 1 37 32 27 27
0009_0050_0049_0026_0026.jpg 1 50 49 26 26
0010_0015_0018_0065_0065.jpg 1 15 18 65 65
0011_0058_0059_0026_0026.jpg 1 58 59 26 26
0012_0028_0009_0037_0037.jpg 1 28 9 37 37
0013_0016_0010_0069_0069.jpg 1 16 10 69 69
0014_0024_0004_0057_0057.jpg 1 24 4 57 57
0015_0016_0047_0037_0037.jpg 1 16 47 37 37
0016_0005_0034_0051_0051.jpg 1 5 34 51 51
0017_0040_0006_0054_0054.jpg 1 40 6 54 54
0018_0031_0028_0051_0051.jpg 1 31 28 51 51
0019_0036_0034_0034_0034.jpg 1 36 34 34 34
0020_0015_0031_0060_0060.jpg 1 15 31 60 60
0021_0006_0010_0050_0050.jpg 1 6 10 50 50
0022_0029_0021_0042_0042.jpg 1 29 21 42 42
0023_0045_0024_0040_0040.jpg 1 45 24 40 40
0024_0028_0018_0068_0068.jpg 1 28 18 68 68
0025_0028_0039_0047_0047.jpg 1 28 39 47 47
0026_0023_0020_0065_0065.jpg 1 23 20 65 65
0027_0006_0016_0059_0059.jpg 1 6 16 59 59
0028_0030_0063_0029_0029.jpg 1 30 63 29 29
0029_0022_0026_0048_0048.jpg 1 22 26 48 48
0030_0027_0034_0056_0056.jpg 1 27 34 56 56
0031_0018_0018_0069_0069.jpg 1 18 18 69 69
0032_0045_0025_0049_0049.jpg 1 45 25 49 49
0033_0025_0021_0028_0028.jpg 1 25 21 28 28
0034_0023_0017_0034_0034.jpg 1 23 17 34 34
0035_0034_0027_0030_0030.jpg 1 34 27 30 30
0036_0061_0022_0031_0031.jpg 1 61 22 31 31
0037_0058_0033_0032_0032.jpg 1 58 33 32 32
0038_0041_0032_0047_0047.jpg 1 41 32 47 47
0039_0020_0034_0058_0058.jpg 1 20 34 58 58
0040_0015_0048_0032_0032.jpg 1 15 48 32 32
0041_0013_0032_0046_0046.jpg 1 13 32 46 46
0042_0047_0040_0043_0043.jpg 1 47 40 43 43
0043_0059_0047_0034_0034.jpg 1 59 47 34 34
0044_0005_0007_0054_0054.jpg 1 5 7 54 54
0045_0039_0006_0051_0051.jpg 1 39 6 51 51
0046_0034_0032_0057_0057.jpg 1 34 32 57 57
0047_0024_0040_0038_0038.jpg 1 24 40 38 38
0048_0026_0034_0043_0043.jpg 1 26 34 43 43
0049_0021_0033_0032_0032.jpg 1 21 33 32 32
0050_0019_0006_0065_0065.jpg 1 19 6 65 65
0051_0040_0022_0049_0049.jpg 1 40 22 49 49
0052_0031_0018_0053_0053.jpg 1 31 18 53 53
0053_0010_0021_0056_0056.jpg 1 10 21 56 56
0054_0005_0037_0051_0051.jpg 1 5 37 51 51
0055_0027_0016_0040_0040.jpg 1 27 16 40 40
0056_0050_0035_0037_0037.jpg 1 50 35 37 37
0057_0024_0030_0042_0042.jpg 1 24 30 42 42
0058_0022_0019_0057_0057.jpg 1 22 19 57 57
0059_0028_0016_0051_0051.jpg 1 28 16 51 51
0060_0030_0030_0037_0037.jpg 1 30 30 37 37
0061_0032_0023_0043_0043.jpg 1 32 23 43 43
0062_0015_0008_0060_0060.jpg 1 15 8 60 60
0063_0017_0015_0037_0037.jpg 1 17 15 37 37
0064_0021_0006_0066_0066.jpg 1 21 6 66 66
0065_0025_0025_0066_0066.jpg 1 25 25 66 66
0066_0017_0038_0026_0026.jpg 1 17 38 26 26
0067_0023_0029_0064_0064.jpg 1 23 29 64 64
0068_0031_0031_0057_0057.jpg 1 31 31 57 57
0069_0029_0006_0059_0059.jpg 1 29 6 59 59
0070_0013_0011_0050_0050.jpg 1 13 11 50 50
0071_0044_0032_0049_0049.jpg 1 44 32 49 49
0072_0018_0011_0032_0032.jpg 1 18 11 32 32
0073_0038_0053_0024_0024.jpg 1 38 53 24 24
0074_0038_0034_0050_0050.jpg 1 38 34 50 50
0075_0037_0017_0049_0049.jpg 1 37 17 49 49
0076_0023_0016_0037_0037.jpg 1 23 16 37 37
0077_0085_0076_0036_0036.jpg 1 85 76 36 36
0078_0016_0018_0068_0068.jpg 1 16 18 68 68
0079_0008_0017_0068_0068.jpg 1 8 17 68 68
0080_0026_0028_0064_0064.jpg 1 26 28 64 64
0081_0016_0031_0060_0060.jpg 1 16 31 60 60
0082_0016_0015_0049_0049.jpg 1 16 15 49 49
0083_0030_0028_0050_0050.jpg 1 30 28 50 50
0084_0042_0033_0052_0052.jpg 1 42 33 52 52
0085_0045_0038_0027_0027.jpg 1 45 38 27 27
0086_0019_0004_0057_0057.jpg 1 19 4 57 57
0087_0037_0015_0048_0048.jpg 1 37 15 48 48
0088_0013_0035_0041_0041.jpg 1 13 35 41 41
0089_0029_0013_0053_0053.jpg 1 29 13 53 53
0090_0013_0019_0031_0031.jpg 1 13 19 31 31
0091_0013_0013_0044_0044.jpg 1 13 13 44 44
0092_0038_0045_0032_0032.jpg 1 38 45 32 32
0093_0036_0013_0058_0058.jpg 1 36 13 58 58
0094_0051_0052_0039_0039.jpg 1 51 52 39 39
0095_0029_0017_0059_0059.jpg 1 29 17 59 59
0096_0030_0016_0034_0034.jpg 1 30 16 34 34
0097_0050_0041_0041_0041.jpg 1 50 41 41 41
0098_0012_0033_0041_0041.jpg 1 12 33 41 41
0099_0024_0020_0041_0041.jpg 1 24 20 41 41
0100_0059_0010_0032_0032.jpg 1 59 10 32 32
0101_0017_0010_0054_0054.jpg 1 17 10 54 54
0102_0031_0016_0059_0059.jpg 1 31 16 59 59
0103_0023_0020_0046_0046.jpg 1 23 20 46 46
0104_0059_0050_0030_0030.jpg 1 59 50 30 30
0105_0009_0011_0060_0060.jpg 1 9 11 60 60
0106_0025_0007_0054_0054.jpg 1 25 7 54 54
0107_0011_0009_0067_0067.jpg 1 11 9 67 67
0108_0027_0024_0052_0052.jpg 1 27 24 52 52
0109_0041_0009_0049_0049.jpg 1 41 9 49 49
0110_0035_0053_0035_0035.jpg 1 35 53 35 35
0111_0025_0032_0042_0042.jpg 1 25 32 42 42
0112_0040_0038_0035_0035.jpg 1 40 38 35 35
0113_0009_0026_0069_0069.jpg 1 9 26 69 69
0114_0042_0050_0036_0036.jpg 1 42 50 36 36
0115_0017_0040_0046_0046.jpg 1 17 40 46 46
0116_0008_0040_0048_0048.jpg 1 8 40 48 48
0117_0019_0028_0061_0061.jpg 1 19 28 61 61
0118_0014_0014_0054_0054.jpg 1 14 14 54 54
0119_0025_0016_0030_0030.jpg 1 25 16 30 30
0120_0053_0040_0033_0033.jpg 1 53 40 33 33
0121_0014_0024_0069_0069.jpg 1 14 24 69 69
0122_0025_0042_0041_0041.jpg 1 25 42 41 41
0123_0026_0026_0069_0069.jpg 1 26 26 69 69
0124_0011_0004_0060_0060.jpg 1 11 4 60 60
0125_0005_0011_0067_0067.jpg 1 5 11 67 67
0126_0011_0017_0033_0033.jpg 1 11 17 33 33
0127_0038_0009_0045_0045.jpg 1 38 9 45 45
0128_0034_0043_0047_0047.jpg 1 34 43 47 47
0129_0022_0018_0065_0065.jpg 1 22 18 65 65
0130_0007_0006_0045_0045.jpg 1 7 6 45 45
0131_0006_0008_0052_0052.jpg 1 6 8 52 52
0132_0016_0009_0059_0059.jpg 1 16 9 59 59
0133_0014_0005_0066_0066.jpg 1 14 5 66 66
0134_0022_0012_0028_0028.jpg 1 22 12 28 28
0135_0036_0029_0050_0050.jpg 1 36 29 50 50
0136_0019_0009_0053_0053.jpg 1 19 9 53 53
0137_0006_0029_0067_0067.jpg 1 6 29 67 67
0138_0032_0020_0059_0059.jpg 1 32 20 59 59
0139_0019_0017_0067_0067.jpg 1 19 17 67 67
0140_0026_0034_0046_0046.jpg 1 26 34 46 46
0141_0035_0050_0034_0034.jpg 1 35 50 34 34
0142_0036_0012_0051_0051.jpg 1 36 12 51 51
0143_0004_0025_0068_0068.jpg 1 4 25 68 68
0144_0025_0036_0035_0035.jpg 1 25 36 35 35
0145_0046_0023_0048_0048.jpg 1 46 23 48 48
0146_0030_0053_0035_0035.jpg 1 30 53 35 35
0147_0014_0015_0037_0037.jpg 1 14 15 37 37
0148_0033_0013_0038_0038.jpg 1 33 13 38 38
0149_0027_0046_0025_0025.jpg 1 27 46 25 25
0150_0018_0026_0053_0053.jpg 1 18 26 53 53
0151_0013_0004_0068_0068.jpg 1 13 4 68 68
0152_0030_0015_0061_0061.jpg 1 30 15 61 61
0153_0043_0028_0035_0035.jpg 1 43 28 35 35
0154_0029_0035_0056_0056.jpg 1 29 35 56 56
0155_0015_0018_0044_0044.jpg 1 15 18 44 44
0156_0017_0020_0043_0043.jpg 1 17 20 43 43
0157_0014_0004_0058_0058.jpg 1 14 4 58 58
0158_0017_0014_0037_0037.jpg 1 17 14 37 37
0159_0007_0044_0037_0037.jpg 1 7 44 37 37
0160_0004_0026_0065_0065.jpg 1 4 26 65 65
0161_0014_0012_0050_0050.jpg 1 14 12 50 50
0162_0016_0034_0059_0059.jpg 1 16 34 59 59
0163_0006_0053_0035_0035.jpg 1 6 53 35 35
0164_0029_0022_0046_0046.jpg 1 29 22 46 46
0165_0031_0015_0058_0058.jpg 1 31 15 58 58
0166_0044_0044_0050_0050.jpg 1 44 44 50 50
0167_0010_0004_0065_0065.jpg 1 10 4 65 65
0168_0048_0052_0025_0025.jpg 1 48 52 25 25
0169_0054_0047_0032_0032.jpg 1 54 47 32 32
0170_0008_0010_0041_0041.jpg 1 8 10 41 41
0171_0013_0012_0067_0067.jpg 1 13 12 67 67
0172_0037_0046_0038_0038.jpg 1 37 46 38 38
0173_0010_0027_0063_0063.jpg 1 10 27 63 63
0174_0023_0031_0050_0050.jpg 1 23 31 50 50
0175_0041_0040_0044_0044.jpg 1 41 40 44 44
0176_0017_0046_0041_0041.jpg 1 17 46 41 41
0177_0035_0040_0046_0046.jpg 1 35 40 46 46
0178_0019_0007_0069_0069.jpg 1 19 7 69 69
0179_0037_0030_0053_0053.jpg 1 37 30 53 53
0180_0047_0027_0035_0035.jpg 1 47 27 35 35
0181_0052_0042_0034_0034.jpg 1 52 42 34 34
0182_0019_0039_0035_0035.jpg 1 19 39 35 35
0183_0018_0008_0069_0069.jpg 1 18 8 69 69
0184_0017_0026_0068_0068.jpg 1 17 26 68 68
0185_0005_0025_0065_0065.jpg 1 5 25 65 65
0186_0009_0032_0047_0047.jpg 1 9 32 47 47
0187_0032_0033_0041_0041.jpg 1 32 33 41 41
0188_0010_0033_0055_0055.jpg 1 10 33 55 55
0189_0040_0045_0048_0048.jpg 1 40 45 48 48
0190_0027_0009_0047_0047.jpg 1 27 9 47 47
0191_0034_0028_0059_0059.jpg 1 34 28 59 59
0192_0031_0046_0024_0024.jpg 1 31 46 24 24
0193_0036_0028_0024_0024.jpg 1 36 28 24 24
0194_0009_0036_0033_0033.jpg 1 9 36 33 33
0195_0028_0014_0030_0030.jpg 1 28 14 30 30
0196_0035_0043_0045_0045.jpg 1 35 43 45 45
0197_0027_0009_0063_0063.jpg 1 27 9 63 63
0198_0019_0034_0046_0046.jpg 1 19 34 46 46
0199_0026_0024_0026_0026.jpg 1 26 24 26 26
0200_0018_0017_0066_0066.jpg 1 18 17 66 66
0201_0046_0028_0047_0047.jpg 1 46 28 47 47
0202_0006_0022_0056_0056.jpg 1 6 22 56 56
0203_0052_0044_0029_0029.jpg 1 52 44 29 29
0204_0053_0043_0038_0038.jpg 1 53 43 38 38
0205_0014_0015_0034_0034.jpg 1 14 15 34 34
0206_0019_0034_0056_0056.jpg 1 19 34 56 56
0207_0018_0026_0067_0067.jpg 1 18 26 67 67
0208_0030_0005_0052_0052.jpg 1 30 5 52 52
0209_0034_0027_0061_0061.jpg 1 34 27 61 61
0210_0051_0016_0038_0038.jpg 1 51 16 38 38
0211_0046_0057_0025_0025.jpg 1 46 57 25 25
0212_0038_0023_0046_0046.jpg 1 38 23 46 46
0213_0004_0007_0059_0059.jpg 1 4 7 59 59
0214_0030_0014_0060_0060.jpg 1 30 14 60 60
0215_0021_0014_0047_0047.jpg 1 21 14 47 47
0216_0028_0020_0059_0059.jpg 1 28 20 59 59
0217_0035_0007_0060_0060.jpg 1 35 7 60 60
0218_0016_0013_0063_0063.jpg 1 16 13 63 63
0219_0017_0009_0061_0061.jpg 1 17 9 61 61
0220_0011_0016_0047_0047.jpg 1 11 16 47 47
0221_0006_0053_0037_0037.jpg 1 6 53 37 37
0222_0034_0013_0050_0050.jpg 1 34 13 50 50
0223_0052_0037_0037_0037.jpg 1 52 37 37 37
0224_0038_0040_0038_0038.jpg 1 38 40 38 38
0225_0027_0032_0056_0056.jpg 1 27 32 56 56
0226_0047_0034_0047_0047.jpg 1 47 34 47 47
0227_0007_0015_0054_0054.jpg 1 7 15 54 54
0228_0038_0005_0051_0051.jpg 1 38 5 51 51
0229_0017_0013_0058_0058.jpg 1 17 13 58 58
0230_0028_0024_0040_0040.jpg 1 28 24 40 40
0231_0008_0012_0028_0028.jpg 1 8 12 28 28
0232_0013_0021_0067_0067.jpg 1 13 21 67 67
0233_0015_0009_0047_0047.jpg 1 15 9 47 47
0234_0034_0014_0034_0034.jpg 1 34 14 34 34
0235_0041_0008_0049_0049.jpg 1 41 8 49 49
0236_0061_0024_0026_0026.jpg 1 61 24 26 26
0237_0024_0162_0042_0042.jpg 1 24 162 42 42
0238_0034_0009_0057_0057.jpg 1 34 9 57 57
0239_0022_0057_0028_0028.jpg 1 22 57 28 28
0240_0011_0006_0066_0066.jpg 1 11 6 66 66
0241_0030_0026_0056_0056.jpg 1 30 26 56 56
0242_0011_0022_0058_0058.jpg 1 11 22 58 58
0243_0004_0007_0062_0062.jpg 1 4 7 62 62
0244_0009_0045_0034_0034.jpg 1 9 45 34 34
0245_0031_0005_0054_0054.jpg 1 31 5 54 54
0246_0003_0010_0067_0067.jpg 1 3 10 67 67
0247_0046_0057_0034_0034.jpg 1 46 57 34 34
0248_0007_0026_0027_0027.jpg 1 7 26 27 27
0249_0024_0026_0064_0064.jpg 1 24 26 64 64
0250_0030_0014_0058_0058.jpg 1 30 14 58 58
0251_0015_0017_0061_0061.jpg 1 15 17 61 61
0252_0019_0009_0064_0064.jpg 1 19 9 64 64
0253_0027_0026_0054_0054.jpg 1 27 26 54 54
0254_0013_0024_0066_0066.jpg 1 13 24 66 66
0255_0051_0016_0026_0026.jpg 1 51 16 26 26
0256_0016_0011_0047_0047.jpg 1 16 11 47 47
0257_0049_0030_0025_0025.jpg 1 49 30 25 25
0258_0037_0027_0054_0054.jpg 1 37 27 54 54
0259_0013_0036_0057_0057.jpg 1 13 36 57 57
0260_0023_0008_0064_0064.jpg 1 23 8 64 64
0261_0026_0030_0055_0055.jpg 1 26 30 55 55
0262_0020_0028_0060_0060.jpg 1 20 28 60 60
0263_0033_0018_0039_0039.jpg 1 33 18 39 39
0264_0006_0005_0054_0054.jpg 1 6 5 54 54
0265_0036_0012_0031_0031.jpg 1 36 12 31 31
0266_0048_0053_0038_0038.jpg 1 48 53 38 38
0267_0028_0033_0062_0062.jpg 1 28 33 62 62
0268_0027_0011_0048_0048.jpg 1 27 11 48 48
0269_0046_0012_0036_0036.jpg 1 46 12 36 36
0270_0017_0049_0035_0035.jpg 1 17 49 35 35
0271_0047_0024_0039_0039.jpg 1 47 24 39 39
0272_0038_0005_0049_0049.jpg 1 38 5 49 49
0273_0030_0004_0054_0054.jpg 1 30 4 54 54
0274_0034_0007_0051_0051.jpg 1 34 7 51 51
0275_0016_0038_0043_0043.jpg 1 16 38 43 43
0276_0025_0038_0048_0048.jpg 1 25 38 48 48
0277_0045_0056_0027_0027.jpg 1 45 56 27 27
0278_0015_0006_0054_0054.jpg 1 15 6 54 54
0279_0006_0009_0038_0038.jpg 1 6 9 38 38
0280_0012_0033_0051_0051.jpg 1 12 33 51 51
0281_0011_0043_0030_0030.jpg 1 11 43 30 30
0282_0025_0012_0046_0046.jpg 1 25 12 46 46
0283_0025_0010_0064_0064.jpg 1 25 10 64 64
0284_0037_0026_0057_0057.jpg 1 37 26 57 57
0285_0024_0030_0037_0037.jpg 1 24 30 37 37
0286_0044_0010_0049_0049.jpg 1 44 10 49 49
0287_0013_0055_0031_0031.jpg 1 13 55 31 31
0288_0021_0049_0043_0043.jpg 1 21 49 43 43
0289_0006_0017_0068_0068.jpg 1 6 17 68 68
0290_0007_0025_0053_0053.jpg 1 7 25 53 53
0291_0008_0006_0062_0062.jpg 1 8 6 62 62
0292_0029_0007_0064_0064.jpg 1 29 7 64 64
0293_0054_0052_0028_0028.jpg 1 54 52 28 28
0294_0053_0044_0035_0035.jpg 1 53 44 35 35
0295_0038_0040_0024_0024.jpg 1 38 40 24 24
0296_0009_0009_0061_0061.jpg 1 9 9 61 61
0297_0025_0015_0063_0063.jpg 1 25 15 63 63
0298_0062_0033_0027_0027.jpg 1 62 33 27 27
0299_0055_0035_0033_0033.jpg 1 55 35 33 33
0300_0011_0019_0050_0050.jpg 1 11 19 50 50
0301_0031_0028_0055_0055.jpg 1 31 28 55 55
0302_0019_0041_0052_0052.jpg 1 19 41 52 52
0303_0017_0035_0037_0037.jpg 1 17 35 37 37
0304_0049_0041_0040_0040.jpg 1 49 41 40 40
0305_0009_0024_0065_0065.jpg 1 9 24 65 65
0306_0022_0033_0056_0056.jpg 1 22 33 56 56
0307_0018_0045_0026_0026.jpg 1 18 45 26 26
0308_0014_0010_0065_0065.jpg 1 14 10 65 65
0309_0029_0028_0043_0043.jpg 1 29 28 43 43
0310_0045_0035_0043_0043.jpg 1 45 35 43 43
0311_0005_0012_0069_0069.jpg 1 5 12 69 69
0312_0031_0009_0063_0063.jpg 1 31 9 63 63
0313_0046_0047_0041_0041.jpg 1 46 47 41 41
0314_0024_0025_0061_0061.jpg 1 24 25 61 61
0315_0031_0059_0027_0027.jpg 1 31 59 27 27
0316_0044_0015_0039_0039.jpg 1 44 15 39 39
0317_0017_0037_0057_0057.jpg 1 17 37 57 57
0318_0024_0029_0027_0027.jpg 1 24 29 27 27
0319_0021_0038_0057_0057.jpg 1 21 38 57 57
0320_0016_0021_0064_0064.jpg 1 16 21 64 64
0321_0034_0040_0035_0035.jpg 1 34 40 35 35
0322_0053_0046_0038_0038.jpg 1 53 46 38 38
0323_0026_0018_0048_0048.jpg 1 26 18 48 48
0324_0047_0047_0024_0024.jpg 1 47 47 24 24
0325_0033_0036_0052_0052.jpg 1 33 36 52 52
0326_0034_0017_0061_0061.jpg 1 34 17 61 61
0327_0053_0058_0028_0028.jpg 1 53 58 28 28
0328_0046_0033_0032_0032.jpg 1 46 33 32 32
0329_0013_0057_0035_0035.jpg 1 13 57 35 35
0330_0040_0035_0052_0052.jpg 1 40 35 52 52
0331_0013_0035_0054_0054.jpg 1 13 35 54 54
0332_0034_0015_0036_0036.jpg 1 34 15 36 36
0333_0012_0017_0047_0047.jpg 1 12 17 47 47
0334_0030_0024_0064_0064.jpg 1 30 24 64 64
0335_0025_0017_0033_0033.jpg 1 25 17 33 33
0336_0012_0035_0028_0028.jpg 1 12 35 28 28
0337_0025_0021_0036_0036.jpg 1 25 21 36 36
0338_0032_0041_0027_0027.jpg 1 32 41 27 27
0339_0006_0032_0063_0063.jpg 1 6 32 63 63
0340_0035_0019_0060_0060.jpg 1 35 19 60 60
0341_0006_0015_0066_0066.jpg 1 6 15 66 66
0342_0014_0028_0057_0057.jpg 1 14 28 57 57
0343_0017_0041_0029_0029.jpg 1 17 41 29 29
0344_0029_0024_0064_0064.jpg 1 29 24 64 64
0345_0028_0036_0056_0056.jpg 1 28 36 56 56
0346_0033_0053_0035_0035.jpg 1 33 53 35 35
0347_0007_0006_0065_0065.jpg 1 7 6 65 65
0348_0056_0011_0035_0035.jpg 1 56 11 35 35
0349_0039_0054_0037_0037.jpg 1 39 54 37 37
0350_0008_0025_0045_0045.jpg 1 8 25 45 45
0351_0014_0013_0068_0068.jpg 1 14 13 68 68
0352_0055_0017_0038_0038.jpg 1 55 17 38 38
0353_0013_0031_0064_0064.jpg 1 13 31 64 64
0354_0057_0022_0030_0030.jpg 1 57 22 30 30
0355_0041_0042_0038_0038.jpg 1 41 42 38 38
0356_0038_0033_0047_0047.jpg 1 38 33 47 47
0357_0006_0019_0066_0066.jpg 1 6 19 66 66
0358_0041_0055_0037_0037.jpg 1 41 55 37 37
0359_0043_0032_0043_0043.jpg 1 43 32 43 43
0360_0026_0056_0036_0036.jpg 1 26 56 36 36
0361_0064_0053_0025_0025.jpg 1 64 53 25 25
0362_0008_0021_0069_0069.jpg 1 8 21 69 69
0363_0019_0031_0059_0059.jpg 1 19 31 59 59
0364_0012_0026_0061_0061.jpg 1 12 26 61 61
0365_0040_0007_0055_0055.jpg 1 40 7 55 55
0366_0033_0037_0040_0040.jpg 1 33 37 40 40
0367_0020_0031_0056_0056.jpg 1 20 31 56 56
0368_0043_0012_0050_0050.jpg 1 43 12 50 50
0369_0007_0014_0068_0068.jpg 1 7 14 68 68
0370_0015_0010_0030_0030.jpg 1 15 10 30 30
0371_0035_0051_0042_0042.jpg 1 35 51 42 42
0372_0007_0042_0048_0048.jpg 1 7 42 48 48
0373_0018_0031_0064_0064.jpg 1 18 31 64 64
0374_0009_0007_0049_0049.jpg 1 9 7 49 49
0375_0007_0023_0029_0029.jpg 1 7 23 29 29
0376_0014_0011_0040_0040.jpg 1 14 11 40 40
0377_0034_0031_0057_0057.jpg 1 34 31 57 57
0378_0124_0152_0057_0057.jpg 1 124 152 57 57
0379_0007_0027_0047_0047.jpg 1 7 27 47 47
0380_0040_0034_0052_0052.jpg 1 40 34 52 52
0381_0155_0075_0042_0042.jpg 1 155 75 42 42
0382_0014_0014_0026_0026.jpg 1 14 14 26 26
0383_0025_0039_0046_0046.jpg 1 25 39 46 46
0384_0051_0009_0033_0033.jpg 1 51 9 33 33
0385_0018_0024_0058_0058.jpg 1 18 24 58 58
0386_0044_0033_0044_0044.jpg 1 44 33 44 44
0387_0033_0007_0052_0052.jpg 1 33 7 52 52
0388_0013_0018_0044_0044.jpg 1 13 18 44 44
0389_0029_0056_0030_0030.jpg 1 29 56 30 30
0390_0047_0011_0028_0028.jpg 1 47 11 28 28
0391_0097_0030_0049_0049.jpg 1 97 30 49 49
0392_0043_0037_0045_0045.jpg 1 43 37 45 45
0393_0007_0014_0067_0067.jpg 1 7 14 67 67
0394_0028_0008_0063_0063.jpg 1 28 8 63 63
0395_0032_0033_0058_0058.jpg 1 32 33 58 58
0396_0025_0019_0040_0040.jpg 1 25 19 40 40
0397_0014_0004_0058_0058.jpg 1 14 4 58 58
0398_0014_0019_0057_0057.jpg 1 14 19 57 57
0399_0033_0038_0037_0037.jpg 1 33 38 37 37
0400_0036_0034_0059_0059.jpg 1 36 34 59 59
0401_0031_0026_0025_0025.jpg 1 31 26 25 25
0402_0055_0012_0031_0031.jpg 1 55 12 31 31
0403_0013_0032_0062_0062.jpg 1 13 32 62 62
0404_0025_0032_0028_0028.jpg 1 25 32 28 28
0405_0033_0021_0058_0058.jpg 1 33 21 58 58
0406_0014_0040_0052_0052.jpg 1 14 40 52 52
0407_0004_0008_0057_0057.jpg 1 4 8 57 57
0408_0038_0009_0040_0040.jpg 1 38 9 40 40
0409_0027_0015_0057_0057.jpg 1 27 15 57 57
0410_0005_0013_0055_0055.jpg 1 5 13 55 55
0411_0027_0046_0041_0041.jpg 1 27 46 41 41
0412_0017_0051_0034_0034.jpg 1 17 51 34 34
0413_0024_0023_0061_0061.jpg 1 24 23 61 61
0414_0019_0006_0064_0064.jpg 1 19 6 64 64
0415_0023_0017_0028_0028.jpg 1 23 17 28 28
0416_0023_0029_0061_0061.jpg 1 23 29 61 61
0417_0032_0025_0040_0040.jpg 1 32 25 40 40
0418_0003_0026_0068_0068.jpg 1 3 26 68 68
0419_0009_0011_0060_0060.jpg 1 9 11 60 60
0420_0065_0059_0026_0026.jpg 1 65 59 26 26
0421_0026_0010_0059_0059.jpg 1 26 10 59 59
0422_0022_0025_0061_0061.jpg 1 22 25 61 61
0423_0019_0017_0062_0062.jpg 1 19 17 62 62
0424_0045_0040_0043_0043.jpg 1 45 40 43 43
0425_0010_0007_0041_0041.jpg 1 10 7 41 41
0426_0028_0012_0060_0060.jpg 1 28 12 60 60
0427_0022_0016_0067_0067.jpg 1 22 16 67 67
0428_0022_0054_0024_0024.jpg 1 22 54 24 24
0429_0014_0047_0031_0031.jpg 1 14 47 31 31
0430_0019_0032_0061_0061.jpg 1 19 32 61 61
0431_0019_0058_0032_0032.jpg 1 19 58 32 32
0432_0032_0045_0038_0038.jpg 1 32 45 38 38
0433_0008_0048_0037_0037.jpg 1 8 48 37 37
0434_0004_0024_0056_0056.jpg 1 4 24 56 56
0435_0017_0026_0045_0045.jpg 1 17 26 45 45
0436_0045_0022_0044_0044.jpg 1 45 22 44 44
0437_0032_0055_0028_0028.jpg 1 32 55 28 28
0438_0006_0034_0046_0046.jpg 1 6 34 46 46
0439_0040_0015_0052_0052.jpg 1 40 15 52 52
0440_0009_0013_0064_0064.jpg 1 9 13 64 64
0441_0022_0024_0026_0026.jpg 1 22 24 26 26
0442_0046_0045_0025_0025.jpg 1 46 45 25 25
0443_0048_0026_0038_0038.jpg 1 48 26 38 38
0444_0014_0019_0044_0044.jpg 1 14 19 44 44
0445_0030_0030_0066_0066.jpg 1 30 30 66 66
0446_0011_0006_0062_0062.jpg 1 11 6 62 62
0447_0022_0036_0050_0050.jpg 1 22 36 50 50
0448_0039_0009_0038_0038.jpg 1 39 9 38 38
0449_0009_0011_0069_0069.jpg 1 9 11 69 69
0450_0025_0014_0043_0043.jpg 1 25 14 43 43
0451_0016_0049_0031_0031.jpg 1 16 49 31 31
0452_0019_0034_0058_0058.jpg 1 19 34 58 58
0453_0052_0042_0031_0031.jpg 1 52 42 31 31
0454_0014_0032_0025_0025.jpg 1 14 32 25 25
0455_0008_0014_0065_0065.jpg 1 8 14 65 65
0456_0018_0010_0049_0049.jpg 1 18 10 49 49
0457_0006_0016_0069_0069.jpg 1 6 16 69 69
0458_0023_0012_0039_0039.jpg 1 23 12 39 39
0459_0064_0012_0028_0028.jpg 1 64 12 28 28
0460_0012_0033_0053_0053.jpg 1 12 33 53 53
0461_0010_0005_0068_0068.jpg 1 10 5 68 68
0462_0023_0032_0048_0048.jpg 1 23 32 48 48
0463_0036_0019_0055_0055.jpg 1 36 19 55 55
0464_0025_0009_0065_0065.jpg 1 25 9 65 65
0465_0025_0028_0037_0037.jpg 1 25 28 37 37
0466_0027_0043_0027_0027.jpg 1 27 43 27 27
0467_0036_0014_0039_0039.jpg 1 36 14 39 39
0468_0058_0048_0031_0031.jpg 1 58 48 31 31
0469_0031_0033_0051_0051.jpg 1 31 33 51 51
0470_0059_0030_0027_0027.jpg 1 59 30 27 27
0471_0027_0015_0047_0047.jpg 1 27 15 47 47
0472_0016_0037_0055_0055.jpg 1 16 37 55 55
0473_0008_0014_0059_0059.jpg 1 8 14 59 59
0474_0016_0030_0039_0039.jpg 1 16 30 39 39
0475_0014_0032_0027_0027.jpg 1 14 32 27 27
0476_0024_0009_0068_0068.jpg 1 24 9 68 68
0477_0026_0019_0055_0055.jpg 1 26 19 55 55
0478_0054_0052_0027_0027.jpg 1 54 52 27 27
0479_0034_0014_0054_0054.jpg 1 34 14 54 54
0480_0028_0042_0041_0041.jpg 1 28 42 41 41
0481_0003_0022_0066_0066.jpg 1 3 22 66 66
0482_0047_0014_0043_0043.jpg 1 47 14 43 43
0483_0015_0024_0032_0032.jpg 1 15 24 32 32
0484_0008_0030_0054_0054.jpg 1 8 30 54 54
0485_0038_0014_0051_0051.jpg 1 38 14 51 51
0486_0022_0024_0026_0026.jpg 1 22 24 26 26
0487_0008_0007_0046_0046.jpg 1 8 7 46 46
0488_0032_0006_0061_0061.jpg 1 32 6 61 61
0489_0058_0017_0029_0029.jpg 1 58 17 29 29
0490_0029_0031_0032_0032.jpg 1 29 31 32 32
0491_0029_0014_0062_0062.jpg 1 29 14 62 62
0492_0026_0041_0040_0040.jpg 1 26 41 40 40
0493_0017_0040_0047_0047.jpg 1 17 40 47 47
0494_0005_0033_0049_0049.jpg 1 5 33 49 49
0495_0022_0039_0044_0044.jpg 1 22 39 44 44
0496_0023_0019_0057_0057.jpg 1 23 19 57 57
0497_0031_0009_0057_0057.jpg 1 31 9 57 57
0498_0029_0019_0048_0048.jpg 1 29 19 48 48
0499_0109_0106_0027_0027.jpg 1 109 106 27 27
0500_0017_0014_0056_0056.jpg 1 17 14 56 56
0501_0019_0006_0053_0053.jpg 1 19 6 53 53
0502_0028_0016_0064_0064.jpg 1 28 16 64 64
0503_0038_0017_0025_0025.jpg 1 38 17 25 25
0504_0022_0023_0067_0067.jpg 1 22 23 67 67
0505_0006_0022_0055_0055.jpg 1 6 22 55 55
0506_0006_0008_0052_0052.jpg 1 6 8 52 52
0507_0009_0036_0038_0038.jpg 1 9 36 38 38
0508_0029_0022_0044_0044.jpg 1 29 22 44 44
0509_0047_0042_0045_0045.jpg 1 47 42 45 45
0510_0044_0018_0042_0042.jpg 1 44 18 42 42
0511_0037_0017_0057_0057.jpg 1 37 17 57 57
0512_0011_0013_0049_0049.jpg 1 11 13 49 49
0513_0033_0009_0043_0043.jpg 1 33 9 43 43
0514_0019_0051_0036_0036.jpg 1 19 51 36 36
0515_0020_0012_0048_0048.jpg 1 20 12 48 48
0516_0046_0020_0044_0044.jpg 1 46 20 44 44
0517_0010_0007_0031_0031.jpg 1 10 7 31 31
0518_0004_0023_0068_0068.jpg 1 4 23 68 68
0519_0047_0020_0026_0026.jpg 1 47 20 26 26
0520_0030_0039_0044_0044.jpg 1 30 39 44 44
0521_0019_0007_0067_0067.jpg 1 19 7 67 67
0522_0017_0007_0063_0063.jpg 1 17 7 63 63
0523_0020_0045_0045_0045.jpg 1 20 45 45 45
0524_0039_0030_0046_0046.jpg 1 39 30 46 46
0525_0048_0021_0039_0039.jpg 1 48 21 39 39
0526_0012_0027_0033_0033.jpg 1 12 27 33 33
0527_0009_0043_0025_0025.jpg 1 9 43 25 25
0528_0032_0020_0062_0062.jpg 1 32 20 62 62
0529_0006_0026_0052_0052.jpg 1 6 26 52 52
0530_0032_0007_0048_0048.jpg 1 32 7 48 48
0531_0011_0008_0062_0062.jpg 1 11 8 62 62
0532_0050_0028_0032_0032.jpg 1 50 28 32 32
0533_0034_0026_0048_0048.jpg 1 34 26 48 48
0534_0010_0039_0044_0044.jpg 1 10 39 44 44
0535_0038_0041_0028_0028.jpg 1 38 41 28 28
0536_0031_0025_0065_0065.jpg 1 31 25 65 65
0537_0007_0024_0038_0038.jpg 1 7 24 38 38
0538_0030_0066_0026_0026.jpg 1 30 66 26 26
0539_0013_0027_0056_0056.jpg 1 13 27 56 56
0540_0043_0028_0028_0028.jpg 1 43 28 28 28
0541_0014_0010_0064_0064.jpg 1 14 10 64 64
0542_0012_0035_0058_0058.jpg 1 12 35 58 58
0543_0036_0016_0054_0054.jpg 1 36 16 54 54
0544_0035_0056_0036_0036.jpg 1 35 56 36 36
0545_0029_0018_0059_0059.jpg 1 29 18 59 59
0546_0019_0021_0064_0064.jpg 1 19 21 64 64
0547_0016_0003_0067_0067.jpg 1 16 3 67 67
0548_0007_0016_0065_0065.jpg 1 7 16 65 65
0549_0040_0055_0025_0025.jpg 1 40 55 25 25
0550_0028_0015_0048_0048.jpg 1 28 15 48 48
0551_0015_0006_0066_0066.jpg 1 15 6 66 66
0552_0034_0027_0051_0051.jpg 1 34 27 51 51
0553_0043_0025_0050_0050.jpg 1 43 25 50 50
0554_0023_0028_0064_0064.jpg 1 23 28 64 64
0555_0036_0011_0038_0038.jpg 1 36 11 38 38
0556_0031_0024_0063_0063.jpg 1 31 24 63 63
0557_0045_0006_0032_0032.jpg 1 45 6 32 32
0558_0049_0017_0040_0040.jpg 1 49 17 40 40
0559_0014_0026_0055_0055.jpg 1 14 26 55 55
0560_0024_0016_0061_0061.jpg 1 24 16 61 61
0561_0036_0034_0047_0047.jpg 1 36 34 47 47
0562_0013_0005_0062_0062.jpg 1 13 5 62 62
0563_0039_0017_0050_0050.jpg 1 39 17 50 50
0564_0055_0025_0025_0025.jpg 1 55 25 25 25
0565_0042_0019_0026_0026.jpg 1 42 19 26 26
0566_0004_0009_0064_0064.jpg 1 4 9 64 64
0567_0025_0029_0064_0064.jpg 1 25 29 64 64
0568_0004_0011_0066_0066.jpg 1 4 11 66 66
0569_0019_0036_0032_0032.jpg 1 19 36 32 32
0570_0017_0005_0050_0050.jpg 1 17 5 50 50
0571_0031_0021_0026_0026.jpg 1 31 21 26 26
0572_0034_0035_0033_0033.jpg 1 34 35 33 33
0573_0008_0018_0040_0040.jpg 1 8 18 40 40
0574_0053_0050_0039_0039.jpg 1 53 50 39 39
0575_0007_0009_0057_0057.jpg 1 7 9 57 57
0576_0020_0009_0067_0067.jpg 1 20 9 67 67
0577_0016_0005_0061_0061.jpg 1 16 5 61 61
0578_0020_0028_0048_0048.jpg 1 20 28 48 48
0579_0028_0016_0064_0064.jpg 1 28 16 64 64
0580_0053_0062_0043_0043.jpg 1 53 62 43 43
0581_0007_0032_0049_0049.jpg 1 7 32 49 49
0582_0031_0005_0049_0049.jpg 1 31 5 49 49
0583_0008_0007_0069_0069.jpg 1 8 7 69 69
0584_0021_0059_0031_0031.jpg 1 21 59 31 31
0585_0044_0007_0040_0040.jpg 1 44 7 40 40
0586_0017_0035_0052_0052.jpg 1 17 35 52 52
0587_0007_0003_0066_0066.jpg 1 7 3 66 66
0588_0052_0022_0032_0032.jpg 1 52 22 32 32
0589_0007_0013_0058_0058.jpg 1 7 13 58 58
0590_0028_0031_0056_0056.jpg 1 28 31 56 56
0591_0010_0032_0034_0034.jpg 1 10 32 34 34
0592_0060_0012_0029_0029.jpg 1 60 12 29 29
0593_0012_0009_0067_0067.jpg 1 12 9 67 67
0594_0020_0032_0036_0036.jpg 1 20 32 36 36
0595_0047_0027_0029_0029.jpg 1 47 27 29 29
0596_0044_0011_0048_0048.jpg 1 44 11 48 48
0597_0019_0053_0030_0030.jpg 1 19 53 30 30
0598_0060_0013_0026_0026.jpg 1 60 13 26 26
0599_0016_0045_0024_0024.jpg 1 16 45 24 24
0600_0005_0013_0047_0047.jpg 1 5 13 47 47
0601_0054_0031_0031_0031.jpg 1 54 31 31 31
0602_0071_0105_0027_0027.jpg 1 71 105 27 27
0603_0006_0004_0058_0058.jpg 1 6 4 58 58
0604_0021_0007_0057_0057.jpg 1 21 7 57 57
0605_0010_0022_0035_0035.jpg 1 10 22 35 35
0606_0033_0033_0029_0029.jpg 1 33 33 29 29
0607_0008_0034_0053_0053.jpg 1 8 34 53 53
0608_0015_0013_0064_0064.jpg 1 15 13 64 64
0609_0036_0006_0058_0058.jpg 1 36 6 58 58
0610_0046_0029_0042_0042.jpg 1 46 29 42 42
0611_0050_0049_0038_0038.jpg 1 50 49 38 38
0612_0027_0041_0045_0045.jpg 1 27 41 45 45
0613_0013_0033_0044_0044.jpg 1 13 33 44 44
0614_0013_0016_0042_0042.jpg 1 13 16 42 42
0615_0014_0006_0046_0046.jpg 1 14 6 46 46
0616_0028_0007_0066_0066.jpg 1 28 7 66 66
0617_0025_0026_0067_0067.jpg 1 25 26 67 67
0618_0014_0033_0054_0054.jpg 1 14 33 54 54
0619_0042_0038_0040_0040.jpg 1 42 38 40 40
0620_0052_0045_0041_0041.jpg 1 52 45 41 41
0621_0025_0010_0059_0059.jpg 1 25 10 59 59
0622_0047_0028_0040_0040.jpg 1 47 28 40 40
0623_0019_0004_0059_0059.jpg 1 19 4 59 59
0624_0027_0031_0054_0054.jpg 1 27 31 54 54
0625_0030_0019_0037_0037.jpg 1 30 19 37 37
0626_0023_0034_0046_0046.jpg 1 23 34 46 46
0627_0017_0028_0059_0059.jpg 1 17 28 59 59
0628_0040_0009_0034_0034.jpg 1 40 9 34 34
0629_0038_0036_0054_0054.jpg 1 38 36 54 54
0630_0025_0012_0063_0063.jpg 1 25 12 63 63
0631_0019_0022_0062_0062.jpg 1 19 22 62 62
0632_0051_0042_0036_0036.jpg 1 51 42 36 36
0633_0026_0035_0055_0055.jpg 1 26 35 55 55
0634_0033_0035_0028_0028.jpg 1 33 35 28 28
0635_0015_0008_0068_0068.jpg 1 15 8 68 68
0636_0019_0016_0045_0045.jpg 1 19 16 45 45
0637_0033_0017_0062_0062.jpg 1 33 17 62 62
0638_0023_0025_0048_0048.jpg 1 23 25 48 48
0639_0011_0013_0044_0044.jpg 1 11 13 44 44
0640_0048_0052_0027_0027.jpg 1 48 52 27 27
0641_0025_0043_0028_0028.jpg 1 25 43 28 28
0642_0039_0046_0032_0032.jpg 1 39 46 32 32
0643_0024_0048_0025_0025.jpg 1 24 48 25 25
0644_0006_0018_0045_0045.jpg 1 6 18 45 45
0645_0034_0016_0027_0027.jpg 1 34 16 27 27
0646_0047_0019_0042_0042.jpg 1 47 19 42 42
0647_0016_0003_0069_0069.jpg 1 16 3 69 69
0648_0036_0026_0034_0034.jpg 1 36 26 34 34
0649_0011_0017_0069_0069.jpg 1 11 17 69 69
0650_0027_0021_0039_0039.jpg 1 27 21 39 39
0651_0047_0028_0042_0042.jpg 1 47 28 42 42
0652_0040_0047_0027_0027.jpg 1 40 47 27 27
0653_0029_0026_0052_0052.jpg 1 29 26 52 52
0654_0012_0012_0059_0059.jpg 1 12 12 59 59
0655_0021_0025_0059_0059.jpg 1 21 25 59 59
0656_0033_0044_0047_0047.jpg 1 33 44 47 47
0657_0047_0036_0039_0039.jpg 1 47 36 39 39
0658_0030_0030_0040_0040.jpg 1 30 30 40 40
0659_0053_0037_0034_0034.jpg 1 53 37 34 34
0660_0023_0025_0055_0055.jpg 1 23 25 55 55
0661_0046_0016_0040_0040.jpg 1 46 16 40 40
0662_0007_0018_0067_0067.jpg 1 7 18 67 67
0663_0013_0029_0033_0033.jpg 1 13 29 33 33
0664_0011_0016_0065_0065.jpg 1 11 16 65 65
0665_0019_0021_0056_0056.jpg 1 19 21 56 56
0666_0013_0047_0034_0034.jpg 1 13 47 34 34
0667_0045_0031_0036_0036.jpg 1 45 31 36 36
0668_0017_0003_0068_0068.jpg 1 17 3 68 68
0669_0046_0031_0030_0030.jpg 1 46 31 30 30
0670_0056_0031_0031_0031.jpg 1 56 31 31 31
0671_0021_0026_0068_0068.jpg 1 21 26 68 68
0672_0020_0017_0066_0066.jpg 1 20 17 66 66
0673_0044_0018_0047_0047.jpg 1 44 18 47 47
0674_0020_0030_0042_0042.jpg 1 20 30 42 42
0675_0011_0032_0037_0037.jpg 1 11 32 37 37
0676_0028_0026_0056_0056.jpg 1 28 26 56 56
0677_0014_0007_0038_0038.jpg 1 14 7 38 38
0678_0009_0008_0046_0046.jpg 1 9 8 46 46
0679_0049_0034_0030_0030.jpg 1 49 34 30 30
0680_0022_0012_0025_0025.jpg 1 22 12 25 25
0681_0036_0058_0032_0032.jpg 1 36 58 32 32
0682_0016_0012_0058_0058.jpg 1 16 12 58 58
0683_0020_0028_0053_0053.jpg 1 20 28 53 53
0684_0046_0010_0038_0038.jpg 1 46 10 38 38
0685_0033_0035_0049_0049.jpg 1 33 35 49 49
0686_0009_0018_0064_0064.jpg 1 9 18 64 64
0687_0041_0047_0027_0027.jpg 1 41 47 27 27
0688_0031_0050_0030_0030.jpg 1 31 50 30 30
0689_0013_0017_0052_0052.jpg 1 13 17 52 52
0690_0039_0020_0051_0051.jpg 1 39 20 51 51
0691_0036_0018_0039_0039.jpg 1 36 18 39 39
0692_0011_0003_0067_0067.jpg 1 11 3 67 67
0693_0049_0017_0039_0039.jpg 1 49 17 39 39
0694_0036_0023_0031_0031.jpg 1 36 23 31 31
0695_0007_0035_0028_0028.jpg 1 7 35 28 28
0696_0029_0006_0041_0041.jpg 1 29 6 41 41
0697_0027_0013_0041_0041.jpg 1 27 13 41 41
0698_0028_0013_0065_0065.jpg 1 28 13 65 65
0699_0014_0011_0034_0034.jpg 1 14 11 34 34
0700_0048_0026_0029_0029.jpg 1 48 26 29 29
0701_0031_0064_0024_0024.jpg 1 31 64 24 24
0702_0016_0005_0063_0063.jpg 1 16 5 63 63
0703_0031_0047_0045_0045.jpg 1 31 47 45 45
0704_0043_0058_0026_0026.jpg 1 43 58 26 26
0705_0049_0056_0033_0033.jpg 1 49 56 33 33
0706_0029_0039_0051_0051.jpg 1 29 39 51 51
0707_0016_0030_0062_0062.jpg 1 16 30 62 62
0708_0007_0013_0060_0060.jpg 1 7 13 60 60
0709_0054_0024_0029_0029.jpg 1 54 24 29 29
0710_0026_0024_0068_0068.jpg 1 26 24 68 68
0711_0009_0012_0050_0050.jpg 1 9 12 50 50
0712_0039_0036_0035_0035.jpg 1 39 36 35 35
0713_0021_0064_0027_0027.jpg 1 21 64 27 27
0714_0015_0023_0055_0055.jpg 1 15 23 55 55
0715_0009_0019_0048_0048.jpg 1 9 19 48 48
0716_0016_0016_0063_0063.jpg 1 16 16 63 63
0717_0058_0019_0029_0029.jpg 1 58 19 29 29
0718_0019_0005_0054_0054.jpg 1 19 5 54 54
0719_0009_0041_0043_0043.jpg 1 9 41 43 43
0720_0042_0038_0040_0040.jpg 1 42 38 40 40
0721_0064_0013_0027_0027.jpg 1 64 13 27 27
0722_0053_0033_0040_0040.jpg 1 53 33 40 40
0723_0051_0038_0031_0031.jpg 1 51 38 31 31
0724_0036_0028_0058_0058.jpg 1 36 28 58 58
0725_0031_0061_0028_0028.jpg 1 31 61 28 28
0726_0029_0030_0061_0061.jpg 1 29 30 61 61
0727_0007_0012_0040_0040.jpg 1 7 12 40 40
0728_0030_0032_0054_0054.jpg 1 30 32 54 54
0729_0029_0030_0032_0032.jpg 1 29 30 32 32
0730_0007_0037_0038_0038.jpg 1 7 37 38 38
0731_0029_0005_0058_0058.jpg 1 29 5 58 58
0732_0011_0023_0068_0068.jpg 1 11 23 68 68
